<?xml version="1.0" encoding="UTF-8"?>
<testsuite name="ReqresTests" tests="10" skipped="0" failures="0" errors="0" timestamp="2021-04-19T21:50:02" hostname="MacBook-Pro-de-Carlos.local" time="13.975">
  <properties/>
  <testcase name="postLoguinTest" classname="ReqresTests" time="4.429"/>
  <testcase name="getListUsers" classname="ReqresTests" time="0.241"/>
  <testcase name="postRegisterUser" classname="ReqresTests" time="0.561"/>
  <testcase name="GetSingleUserTest" classname="ReqresTests" time="0.598"/>
  <testcase name="getAllUsers" classname="ReqresTests" time="0.31"/>
  <testcase name="putUserTest" classname="ReqresTests" time="0.433"/>
  <testcase name="postCreateTest" classname="ReqresTests" time="0.507"/>
  <testcase name="postCreateWhitPojoTest" classname="ReqresTests" time="0.611"/>
  <testcase name="patchUserTest" classname="ReqresTests" time="0.585"/>
  <testcase name="deleteUserTest" classname="ReqresTests" time="0.687"/>
  <system-out><![CDATA[Request method:	POST
Request URI:	https://reqres.in/api/login
Proxy:			<none>
Request params:	<none>
Query params:	<none>
Form params:	<none>
Path params:	<none>
Headers:		Accept=*/*
				Content-Type=application/json; charset=UTF-8
Cookies:		<none>
Multiparts:		<none>
Body:
{
    "email": "eve.holt@reqres.in",
    "password": "cityslicka"
}
HTTP/1.1 200 OK
Date: Mon, 19 Apr 2021 21:50:06 GMT
Content-Type: application/json; charset=utf-8
Content-Length: 29
Connection: keep-alive
Set-Cookie: __cfduid=d8c54959909a2ff84c708d3e7d167efb91618869005; expires=Wed, 19-May-21 21:50:05 GMT; path=/; domain=.reqres.in; HttpOnly; SameSite=Lax; Secure
X-Powered-By: Express
Access-Control-Allow-Origin: *
Etag: W/"1d-lGCrvD6B7Qzk11+2C98+nGhhuec"
Via: 1.1 vegur
CF-Cache-Status: DYNAMIC
cf-request-id: 098db5c5b000003ec899920000000001
Expect-CT: max-age=604800, report-uri="https://report-uri.cloudflare.com/cdn-cgi/beacon/expect-ct"
Report-To: {"group":"cf-nel","endpoints":[{"url":"https:\/\/a.nel.cloudflare.com\/report?s=rQu3L55kRSDI2tTGIKsiUrsIlVuMX%2BYPzuxJD1QAM%2BYlQgVht2aVHmWTopjC%2BHHKyJ63mQgwK2%2BRNjNqTCp7vMd8DyuOHl%2BP%2FcE%3D"}],"max_age":604800}
NEL: {"max_age":604800,"report_to":"cf-nel"}
Server: cloudflare
CF-RAY: 642958b5eb8e3ec8-BOG
alt-svc: h3-27=":443"; ma=86400, h3-28=":443"; ma=86400, h3-29=":443"; ma=86400

{
    "token": "QpwL5tke4Pnpja7X4"
}
Request method:	GET
Request URI:	https://reqres.in/api/users?page=2
Proxy:			<none>
Request params:	<none>
Query params:	<none>
Form params:	<none>
Path params:	<none>
Headers:		Accept=*/*
				Content-Type=application/json; charset=UTF-8
Cookies:		<none>
Multiparts:		<none>
Body:			<none>
Request method:	GET
Request URI:	https://reqres.in/api/users?page=2
Proxy:			<none>
Request params:	<none>
Query params:	<none>
Form params:	<none>
Path params:	<none>
Headers:		Accept=*/*
				Content-Type=application/json; charset=UTF-8
Cookies:		<none>
Multiparts:		<none>
Body:			<none>
HTTP/1.1 200 OK
Date: Mon, 19 Apr 2021 21:50:07 GMT
Content-Type: application/json; charset=utf-8
Transfer-Encoding: chunked
Connection: keep-alive
Set-Cookie: __cfduid=d1f21edb741beb89c56c2510a5e4ffeb61618869007; expires=Wed, 19-May-21 21:50:07 GMT; path=/; domain=.reqres.in; HttpOnly; SameSite=Lax; Secure
X-Powered-By: Express
Access-Control-Allow-Origin: *
Etag: W/"406-ut0vzoCuidvyMf8arZpMpJ6ZRDw"
Via: 1.1 vegur
Cache-Control: max-age=14400
CF-Cache-Status: HIT
Age: 6371
cf-request-id: 098db5cd400000f25771076000000001
Expect-CT: max-age=604800, report-uri="https://report-uri.cloudflare.com/cdn-cgi/beacon/expect-ct"
Report-To: {"max_age":604800,"endpoints":[{"url":"https:\/\/a.nel.cloudflare.com\/report?s=6C4NI2YFMGAxKxrCEI6nUAplJkLlCXt4cNZHhN1%2FNy8QJr9wp%2FcL4neE9i1nglKjLDFywSQDV6p0mAmH1S0hX7muYdFheeqkc3Q%3D"}],"group":"cf-nel"}
NEL: {"max_age":604800,"report_to":"cf-nel"}
Vary: Accept-Encoding
Server: cloudflare
CF-RAY: 642958c1fde2f257-BOG
Content-Encoding: gzip
alt-svc: h3-27=":443"; ma=86400, h3-28=":443"; ma=86400, h3-29=":443"; ma=86400

{
    "page": 2,
    "per_page": 6,
    "total": 12,
    "total_pages": 2,
    "data": [
        {
            "id": 7,
            "email": "michael.lawson@reqres.in",
            "first_name": "Michael",
            "last_name": "Lawson",
            "avatar": "https://reqres.in/img/faces/7-image.jpg"
        },
        {
            "id": 8,
            "email": "lindsay.ferguson@reqres.in",
            "first_name": "Lindsay",
            "last_name": "Ferguson",
            "avatar": "https://reqres.in/img/faces/8-image.jpg"
        },
        {
            "id": 9,
            "email": "tobias.funke@reqres.in",
            "first_name": "Tobias",
            "last_name": "Funke",
            "avatar": "https://reqres.in/img/faces/9-image.jpg"
        },
        {
            "id": 10,
            "email": "byron.fields@reqres.in",
            "first_name": "Byron",
            "last_name": "Fields",
            "avatar": "https://reqres.in/img/faces/10-image.jpg"
        },
        {
            "id": 11,
            "email": "george.edwards@reqres.in",
            "first_name": "George",
            "last_name": "Edwards",
            "avatar": "https://reqres.in/img/faces/11-image.jpg"
        },
        {
            "id": 12,
            "email": "rachel.howell@reqres.in",
            "first_name": "Rachel",
            "last_name": "Howell",
            "avatar": "https://reqres.in/img/faces/12-image.jpg"
        }
    ],
    "support": {
        "url": "https://reqres.in/#support-heading",
        "text": "To keep ReqRes free, contributions towards server costs are appreciated!"
    }
}
HTTP/1.1 200 OK
Date: Mon, 19 Apr 2021 21:50:07 GMT
Content-Type: application/json; charset=utf-8
Transfer-Encoding: chunked
Connection: keep-alive
Set-Cookie: __cfduid=d1f21edb741beb89c56c2510a5e4ffeb61618869007; expires=Wed, 19-May-21 21:50:07 GMT; path=/; domain=.reqres.in; HttpOnly; SameSite=Lax; Secure
X-Powered-By: Express
Access-Control-Allow-Origin: *
Etag: W/"406-ut0vzoCuidvyMf8arZpMpJ6ZRDw"
Via: 1.1 vegur
Cache-Control: max-age=14400
CF-Cache-Status: HIT
Age: 6371
cf-request-id: 098db5cd400000f25771076000000001
Expect-CT: max-age=604800, report-uri="https://report-uri.cloudflare.com/cdn-cgi/beacon/expect-ct"
Report-To: {"max_age":604800,"endpoints":[{"url":"https:\/\/a.nel.cloudflare.com\/report?s=6C4NI2YFMGAxKxrCEI6nUAplJkLlCXt4cNZHhN1%2FNy8QJr9wp%2FcL4neE9i1nglKjLDFywSQDV6p0mAmH1S0hX7muYdFheeqkc3Q%3D"}],"group":"cf-nel"}
NEL: {"max_age":604800,"report_to":"cf-nel"}
Vary: Accept-Encoding
Server: cloudflare
CF-RAY: 642958c1fde2f257-BOG
Content-Encoding: gzip
alt-svc: h3-27=":443"; ma=86400, h3-28=":443"; ma=86400, h3-29=":443"; ma=86400

{
    "page": 2,
    "per_page": 6,
    "total": 12,
    "total_pages": 2,
    "data": [
        {
            "id": 7,
            "email": "michael.lawson@reqres.in",
            "first_name": "Michael",
            "last_name": "Lawson",
            "avatar": "https://reqres.in/img/faces/7-image.jpg"
        },
        {
            "id": 8,
            "email": "lindsay.ferguson@reqres.in",
            "first_name": "Lindsay",
            "last_name": "Ferguson",
            "avatar": "https://reqres.in/img/faces/8-image.jpg"
        },
        {
            "id": 9,
            "email": "tobias.funke@reqres.in",
            "first_name": "Tobias",
            "last_name": "Funke",
            "avatar": "https://reqres.in/img/faces/9-image.jpg"
        },
        {
            "id": 10,
            "email": "byron.fields@reqres.in",
            "first_name": "Byron",
            "last_name": "Fields",
            "avatar": "https://reqres.in/img/faces/10-image.jpg"
        },
        {
            "id": 11,
            "email": "george.edwards@reqres.in",
            "first_name": "George",
            "last_name": "Edwards",
            "avatar": "https://reqres.in/img/faces/11-image.jpg"
        },
        {
            "id": 12,
            "email": "rachel.howell@reqres.in",
            "first_name": "Rachel",
            "last_name": "Howell",
            "avatar": "https://reqres.in/img/faces/12-image.jpg"
        }
    ],
    "support": {
        "url": "https://reqres.in/#support-heading",
        "text": "To keep ReqRes free, contributions towards server costs are appreciated!"
    }
}
Body: {"page":2,"per_page":6,"total":12,"total_pages":2,"data":[{"id":7,"email":"michael.lawson@reqres.in","first_name":"Michael","last_name":"Lawson","avatar":"https://reqres.in/img/faces/7-image.jpg"},{"id":8,"email":"lindsay.ferguson@reqres.in","first_name":"Lindsay","last_name":"Ferguson","avatar":"https://reqres.in/img/faces/8-image.jpg"},{"id":9,"email":"tobias.funke@reqres.in","first_name":"Tobias","last_name":"Funke","avatar":"https://reqres.in/img/faces/9-image.jpg"},{"id":10,"email":"byron.fields@reqres.in","first_name":"Byron","last_name":"Fields","avatar":"https://reqres.in/img/faces/10-image.jpg"},{"id":11,"email":"george.edwards@reqres.in","first_name":"George","last_name":"Edwards","avatar":"https://reqres.in/img/faces/11-image.jpg"},{"id":12,"email":"rachel.howell@reqres.in","first_name":"Rachel","last_name":"Howell","avatar":"https://reqres.in/img/faces/12-image.jpg"}],"support":{"url":"https://reqres.in/#support-heading","text":"To keep ReqRes free, contributions towards server costs are appreciated!"}}
ContentType: application/json; charset=utf-8
Headers: Date=Mon, 19 Apr 2021 21:50:07 GMT
Content-Type=application/json; charset=utf-8
Transfer-Encoding=chunked
Connection=keep-alive
Set-Cookie=__cfduid=d1f21edb741beb89c56c2510a5e4ffeb61618869007; expires=Wed, 19-May-21 21:50:07 GMT; path=/; domain=.reqres.in; HttpOnly; SameSite=Lax; Secure
X-Powered-By=Express
Access-Control-Allow-Origin=*
Etag=W/"406-ut0vzoCuidvyMf8arZpMpJ6ZRDw"
Via=1.1 vegur
Cache-Control=max-age=14400
CF-Cache-Status=HIT
Age=6371
cf-request-id=098db5cd400000f25771076000000001
Expect-CT=max-age=604800, report-uri="https://report-uri.cloudflare.com/cdn-cgi/beacon/expect-ct"
Report-To={"max_age":604800,"endpoints":[{"url":"https:\/\/a.nel.cloudflare.com\/report?s=6C4NI2YFMGAxKxrCEI6nUAplJkLlCXt4cNZHhN1%2FNy8QJr9wp%2FcL4neE9i1nglKjLDFywSQDV6p0mAmH1S0hX7muYdFheeqkc3Q%3D"}],"group":"cf-nel"}
NEL={"max_age":604800,"report_to":"cf-nel"}
Vary=Accept-Encoding
Server=cloudflare
CF-RAY=642958c1fde2f257-BOG
Content-Encoding=gzip
alt-svc=h3-27=":443"; ma=86400, h3-28=":443"; ma=86400, h3-29=":443"; ma=86400
Content-Type=application/json; charset=utf-8
Request method:	POST
Request URI:	https://reqres.in/api/register
Proxy:			<none>
Request params:	<none>
Query params:	<none>
Form params:	<none>
Path params:	<none>
Headers:		Accept=*/*
				Content-Type=application/json; charset=UTF-8
Cookies:		<none>
Multiparts:		<none>
Body:
{
    "email": "eve.holt@reqres.in",
    "password": "pistol"
}
Request method:	POST
Request URI:	https://reqres.in/api/register
Proxy:			<none>
Request params:	<none>
Query params:	<none>
Form params:	<none>
Path params:	<none>
Headers:		Accept=*/*
				Content-Type=application/json; charset=UTF-8
Cookies:		<none>
Multiparts:		<none>
Body:
{
    "email": "eve.holt@reqres.in",
    "password": "pistol"
}
Request method:	POST
Request URI:	https://reqres.in/api/register
Proxy:			<none>
Request params:	<none>
Query params:	<none>
Form params:	<none>
Path params:	<none>
Headers:		Accept=*/*
				Content-Type=application/json; charset=UTF-8
Cookies:		<none>
Multiparts:		<none>
Body:
{
    "email": "eve.holt@reqres.in",
    "password": "pistol"
}
HTTP/1.1 200 OK
Date: Mon, 19 Apr 2021 21:50:08 GMT
Content-Type: application/json; charset=utf-8
Content-Length: 36
Connection: keep-alive
Set-Cookie: __cfduid=d8425b8a30efd2d6d7e0d0c33cf0adc5a1618869008; expires=Wed, 19-May-21 21:50:08 GMT; path=/; domain=.reqres.in; HttpOnly; SameSite=Lax; Secure
X-Powered-By: Express
Access-Control-Allow-Origin: *
Etag: W/"24-4iP0za1geN2he+ohu8F0FhCjLks"
Via: 1.1 vegur
CF-Cache-Status: DYNAMIC
cf-request-id: 098db5ce830000f26fd9bc9000000001
Expect-CT: max-age=604800, report-uri="https://report-uri.cloudflare.com/cdn-cgi/beacon/expect-ct"
Report-To: {"endpoints":[{"url":"https:\/\/a.nel.cloudflare.com\/report?s=3nZyLdVESthdZWVm0mq25jz1XsMLGgXtfQff3OACD2wcB%2BMuVq8M6sUxBc87%2BFIuUWJFgE77DZsZVMx7Mn4uLmoBCI%2F%2FHDtXsro%3D"}],"max_age":604800,"group":"cf-nel"}
NEL: {"max_age":604800,"report_to":"cf-nel"}
Server: cloudflare
CF-RAY: 642958c40879f26f-BOG
alt-svc: h3-27=":443"; ma=86400, h3-28=":443"; ma=86400, h3-29=":443"; ma=86400

{
    "id": 4,
    "token": "QpwL5tke4Pnpja7X4"
}
HTTP/1.1 200 OK
Date: Mon, 19 Apr 2021 21:50:08 GMT
Content-Type: application/json; charset=utf-8
Content-Length: 36
Connection: keep-alive
Set-Cookie: __cfduid=d8425b8a30efd2d6d7e0d0c33cf0adc5a1618869008; expires=Wed, 19-May-21 21:50:08 GMT; path=/; domain=.reqres.in; HttpOnly; SameSite=Lax; Secure
X-Powered-By: Express
Access-Control-Allow-Origin: *
Etag: W/"24-4iP0za1geN2he+ohu8F0FhCjLks"
Via: 1.1 vegur
CF-Cache-Status: DYNAMIC
cf-request-id: 098db5ce830000f26fd9bc9000000001
Expect-CT: max-age=604800, report-uri="https://report-uri.cloudflare.com/cdn-cgi/beacon/expect-ct"
Report-To: {"endpoints":[{"url":"https:\/\/a.nel.cloudflare.com\/report?s=3nZyLdVESthdZWVm0mq25jz1XsMLGgXtfQff3OACD2wcB%2BMuVq8M6sUxBc87%2BFIuUWJFgE77DZsZVMx7Mn4uLmoBCI%2F%2FHDtXsro%3D"}],"max_age":604800,"group":"cf-nel"}
NEL: {"max_age":604800,"report_to":"cf-nel"}
Server: cloudflare
CF-RAY: 642958c40879f26f-BOG
alt-svc: h3-27=":443"; ma=86400, h3-28=":443"; ma=86400, h3-29=":443"; ma=86400

{
    "id": 4,
    "token": "QpwL5tke4Pnpja7X4"
}
HTTP/1.1 200 OK
Date: Mon, 19 Apr 2021 21:50:08 GMT
Content-Type: application/json; charset=utf-8
Content-Length: 36
Connection: keep-alive
Set-Cookie: __cfduid=d8425b8a30efd2d6d7e0d0c33cf0adc5a1618869008; expires=Wed, 19-May-21 21:50:08 GMT; path=/; domain=.reqres.in; HttpOnly; SameSite=Lax; Secure
X-Powered-By: Express
Access-Control-Allow-Origin: *
Etag: W/"24-4iP0za1geN2he+ohu8F0FhCjLks"
Via: 1.1 vegur
CF-Cache-Status: DYNAMIC
cf-request-id: 098db5ce830000f26fd9bc9000000001
Expect-CT: max-age=604800, report-uri="https://report-uri.cloudflare.com/cdn-cgi/beacon/expect-ct"
Report-To: {"endpoints":[{"url":"https:\/\/a.nel.cloudflare.com\/report?s=3nZyLdVESthdZWVm0mq25jz1XsMLGgXtfQff3OACD2wcB%2BMuVq8M6sUxBc87%2BFIuUWJFgE77DZsZVMx7Mn4uLmoBCI%2F%2FHDtXsro%3D"}],"max_age":604800,"group":"cf-nel"}
NEL: {"max_age":604800,"report_to":"cf-nel"}
Server: cloudflare
CF-RAY: 642958c40879f26f-BOG
alt-svc: h3-27=":443"; ma=86400, h3-28=":443"; ma=86400, h3-29=":443"; ma=86400

{
    "id": 4,
    "token": "QpwL5tke4Pnpja7X4"
}
Request method:	GET
Request URI:	https://reqres.in/api/users/2
Proxy:			<none>
Request params:	<none>
Query params:	<none>
Form params:	<none>
Path params:	<none>
Headers:		Accept=*/*
				Content-Type=application/json; charset=UTF-8
Cookies:		<none>
Multiparts:		<none>
Body:			<none>
Request method:	GET
Request URI:	https://reqres.in/api/users/2
Proxy:			<none>
Request params:	<none>
Query params:	<none>
Form params:	<none>
Path params:	<none>
Headers:		Accept=*/*
				Content-Type=application/json; charset=UTF-8
Cookies:		<none>
Multiparts:		<none>
Body:			<none>
Request method:	GET
Request URI:	https://reqres.in/api/users/2
Proxy:			<none>
Request params:	<none>
Query params:	<none>
Form params:	<none>
Path params:	<none>
Headers:		Accept=*/*
				Content-Type=application/json; charset=UTF-8
Cookies:		<none>
Multiparts:		<none>
Body:			<none>
Request method:	GET
Request URI:	https://reqres.in/api/users/2
Proxy:			<none>
Request params:	<none>
Query params:	<none>
Form params:	<none>
Path params:	<none>
Headers:		Accept=*/*
				Content-Type=application/json; charset=UTF-8
Cookies:		<none>
Multiparts:		<none>
Body:			<none>
HTTP/1.1 200 OK
Date: Mon, 19 Apr 2021 21:50:13 GMT
Content-Type: application/json; charset=utf-8
Transfer-Encoding: chunked
Connection: keep-alive
Set-Cookie: __cfduid=d1bfb4f71620587ff9441e9b69e3dbfea1618869013; expires=Wed, 19-May-21 21:50:13 GMT; path=/; domain=.reqres.in; HttpOnly; SameSite=Lax; Secure
X-Powered-By: Express
Access-Control-Allow-Origin: *
Etag: W/"118-pbdwwFo9SKNhD3Lx5iHJyngpq00"
Via: 1.1 vegur
Cache-Control: max-age=14400
CF-Cache-Status: REVALIDATED
cf-request-id: 098db5e3b40000da9ab40f1000000001
Expect-CT: max-age=604800, report-uri="https://report-uri.cloudflare.com/cdn-cgi/beacon/expect-ct"
Report-To: {"max_age":604800,"group":"cf-nel","endpoints":[{"url":"https:\/\/a.nel.cloudflare.com\/report?s=WE%2BkTmOQjzyWKaL4L1c%2BTmkaX9ifXyClaSRoXcYHAEEYA%2FiRVLd7qMxaGx%2BBrwI6YV7pEglcknw7I%2FY69maBwZ12EjLdNgDvOnc%3D"}]}
NEL: {"max_age":604800,"report_to":"cf-nel"}
Vary: Accept-Encoding
Server: cloudflare
CF-RAY: 642958e5e91cda9a-BOG
Content-Encoding: gzip
alt-svc: h3-27=":443"; ma=86400, h3-28=":443"; ma=86400, h3-29=":443"; ma=86400

{
    "data": {
        "id": 2,
        "email": "janet.weaver@reqres.in",
        "first_name": "Janet",
        "last_name": "Weaver",
        "avatar": "https://reqres.in/img/faces/2-image.jpg"
    },
    "support": {
        "url": "https://reqres.in/#support-heading",
        "text": "To keep ReqRes free, contributions towards server costs are appreciated!"
    }
}
HTTP/1.1 200 OK
Date: Mon, 19 Apr 2021 21:50:13 GMT
Content-Type: application/json; charset=utf-8
Transfer-Encoding: chunked
Connection: keep-alive
Set-Cookie: __cfduid=d1bfb4f71620587ff9441e9b69e3dbfea1618869013; expires=Wed, 19-May-21 21:50:13 GMT; path=/; domain=.reqres.in; HttpOnly; SameSite=Lax; Secure
X-Powered-By: Express
Access-Control-Allow-Origin: *
Etag: W/"118-pbdwwFo9SKNhD3Lx5iHJyngpq00"
Via: 1.1 vegur
Cache-Control: max-age=14400
CF-Cache-Status: REVALIDATED
cf-request-id: 098db5e3b40000da9ab40f1000000001
Expect-CT: max-age=604800, report-uri="https://report-uri.cloudflare.com/cdn-cgi/beacon/expect-ct"
Report-To: {"max_age":604800,"group":"cf-nel","endpoints":[{"url":"https:\/\/a.nel.cloudflare.com\/report?s=WE%2BkTmOQjzyWKaL4L1c%2BTmkaX9ifXyClaSRoXcYHAEEYA%2FiRVLd7qMxaGx%2BBrwI6YV7pEglcknw7I%2FY69maBwZ12EjLdNgDvOnc%3D"}]}
NEL: {"max_age":604800,"report_to":"cf-nel"}
Vary: Accept-Encoding
Server: cloudflare
CF-RAY: 642958e5e91cda9a-BOG
Content-Encoding: gzip
alt-svc: h3-27=":443"; ma=86400, h3-28=":443"; ma=86400, h3-29=":443"; ma=86400

{
    "data": {
        "id": 2,
        "email": "janet.weaver@reqres.in",
        "first_name": "Janet",
        "last_name": "Weaver",
        "avatar": "https://reqres.in/img/faces/2-image.jpg"
    },
    "support": {
        "url": "https://reqres.in/#support-heading",
        "text": "To keep ReqRes free, contributions towards server costs are appreciated!"
    }
}
HTTP/1.1 200 OK
Date: Mon, 19 Apr 2021 21:50:13 GMT
Content-Type: application/json; charset=utf-8
Transfer-Encoding: chunked
Connection: keep-alive
Set-Cookie: __cfduid=d1bfb4f71620587ff9441e9b69e3dbfea1618869013; expires=Wed, 19-May-21 21:50:13 GMT; path=/; domain=.reqres.in; HttpOnly; SameSite=Lax; Secure
X-Powered-By: Express
Access-Control-Allow-Origin: *
Etag: W/"118-pbdwwFo9SKNhD3Lx5iHJyngpq00"
Via: 1.1 vegur
Cache-Control: max-age=14400
CF-Cache-Status: REVALIDATED
cf-request-id: 098db5e3b40000da9ab40f1000000001
Expect-CT: max-age=604800, report-uri="https://report-uri.cloudflare.com/cdn-cgi/beacon/expect-ct"
Report-To: {"max_age":604800,"group":"cf-nel","endpoints":[{"url":"https:\/\/a.nel.cloudflare.com\/report?s=WE%2BkTmOQjzyWKaL4L1c%2BTmkaX9ifXyClaSRoXcYHAEEYA%2FiRVLd7qMxaGx%2BBrwI6YV7pEglcknw7I%2FY69maBwZ12EjLdNgDvOnc%3D"}]}
NEL: {"max_age":604800,"report_to":"cf-nel"}
Vary: Accept-Encoding
Server: cloudflare
CF-RAY: 642958e5e91cda9a-BOG
Content-Encoding: gzip
alt-svc: h3-27=":443"; ma=86400, h3-28=":443"; ma=86400, h3-29=":443"; ma=86400

{
    "data": {
        "id": 2,
        "email": "janet.weaver@reqres.in",
        "first_name": "Janet",
        "last_name": "Weaver",
        "avatar": "https://reqres.in/img/faces/2-image.jpg"
    },
    "support": {
        "url": "https://reqres.in/#support-heading",
        "text": "To keep ReqRes free, contributions towards server costs are appreciated!"
    }
}
HTTP/1.1 200 OK
Date: Mon, 19 Apr 2021 21:50:13 GMT
Content-Type: application/json; charset=utf-8
Transfer-Encoding: chunked
Connection: keep-alive
Set-Cookie: __cfduid=d1bfb4f71620587ff9441e9b69e3dbfea1618869013; expires=Wed, 19-May-21 21:50:13 GMT; path=/; domain=.reqres.in; HttpOnly; SameSite=Lax; Secure
X-Powered-By: Express
Access-Control-Allow-Origin: *
Etag: W/"118-pbdwwFo9SKNhD3Lx5iHJyngpq00"
Via: 1.1 vegur
Cache-Control: max-age=14400
CF-Cache-Status: REVALIDATED
cf-request-id: 098db5e3b40000da9ab40f1000000001
Expect-CT: max-age=604800, report-uri="https://report-uri.cloudflare.com/cdn-cgi/beacon/expect-ct"
Report-To: {"max_age":604800,"group":"cf-nel","endpoints":[{"url":"https:\/\/a.nel.cloudflare.com\/report?s=WE%2BkTmOQjzyWKaL4L1c%2BTmkaX9ifXyClaSRoXcYHAEEYA%2FiRVLd7qMxaGx%2BBrwI6YV7pEglcknw7I%2FY69maBwZ12EjLdNgDvOnc%3D"}]}
NEL: {"max_age":604800,"report_to":"cf-nel"}
Vary: Accept-Encoding
Server: cloudflare
CF-RAY: 642958e5e91cda9a-BOG
Content-Encoding: gzip
alt-svc: h3-27=":443"; ma=86400, h3-28=":443"; ma=86400, h3-29=":443"; ma=86400

{
    "data": {
        "id": 2,
        "email": "janet.weaver@reqres.in",
        "first_name": "Janet",
        "last_name": "Weaver",
        "avatar": "https://reqres.in/img/faces/2-image.jpg"
    },
    "support": {
        "url": "https://reqres.in/#support-heading",
        "text": "To keep ReqRes free, contributions towards server costs are appreciated!"
    }
}
Request method:	GET
Request URI:	https://reqres.in/api/users?page=2
Proxy:			<none>
Request params:	<none>
Query params:	<none>
Form params:	<none>
Path params:	<none>
Headers:		Accept=*/*
				Content-Type=application/json; charset=UTF-8
Cookies:		<none>
Multiparts:		<none>
Body:			<none>
Request method:	GET
Request URI:	https://reqres.in/api/users?page=2
Proxy:			<none>
Request params:	<none>
Query params:	<none>
Form params:	<none>
Path params:	<none>
Headers:		Accept=*/*
				Content-Type=application/json; charset=UTF-8
Cookies:		<none>
Multiparts:		<none>
Body:			<none>
Request method:	GET
Request URI:	https://reqres.in/api/users?page=2
Proxy:			<none>
Request params:	<none>
Query params:	<none>
Form params:	<none>
Path params:	<none>
Headers:		Accept=*/*
				Content-Type=application/json; charset=UTF-8
Cookies:		<none>
Multiparts:		<none>
Body:			<none>
Request method:	GET
Request URI:	https://reqres.in/api/users?page=2
Proxy:			<none>
Request params:	<none>
Query params:	<none>
Form params:	<none>
Path params:	<none>
Headers:		Accept=*/*
				Content-Type=application/json; charset=UTF-8
Cookies:		<none>
Multiparts:		<none>
Body:			<none>
Request method:	GET
Request URI:	https://reqres.in/api/users?page=2
Proxy:			<none>
Request params:	<none>
Query params:	<none>
Form params:	<none>
Path params:	<none>
Headers:		Accept=*/*
				Content-Type=application/json; charset=UTF-8
Cookies:		<none>
Multiparts:		<none>
Body:			<none>
HTTP/1.1 200 OK
Date: Mon, 19 Apr 2021 21:50:14 GMT
Content-Type: application/json; charset=utf-8
Transfer-Encoding: chunked
Connection: keep-alive
Set-Cookie: __cfduid=df6e1ae68a46dcde4737000c3fa1e8eb71618869014; expires=Wed, 19-May-21 21:50:14 GMT; path=/; domain=.reqres.in; HttpOnly; SameSite=Lax; Secure
X-Powered-By: Express
Access-Control-Allow-Origin: *
Etag: W/"406-ut0vzoCuidvyMf8arZpMpJ6ZRDw"
Via: 1.1 vegur
Cache-Control: max-age=14400
CF-Cache-Status: HIT
Age: 6378
cf-request-id: 098db5e60b00003ed7afb80000000001
Expect-CT: max-age=604800, report-uri="https://report-uri.cloudflare.com/cdn-cgi/beacon/expect-ct"
Report-To: {"group":"cf-nel","endpoints":[{"url":"https:\/\/a.nel.cloudflare.com\/report?s=aw0BwDkGWxd8lbaLXdoOmW5LLARCaG2yRIi7uQ9DcTIpQmxQmQlBSYl0ZtNvxsrSA3BPKc%2FFLcNKpPuxNGQVOLAgE1A3xm8ZZvk%3D"}],"max_age":604800}
NEL: {"max_age":604800,"report_to":"cf-nel"}
Vary: Accept-Encoding
Server: cloudflare
CF-RAY: 642958e9ae553ed7-BOG
Content-Encoding: gzip
alt-svc: h3-27=":443"; ma=86400, h3-28=":443"; ma=86400, h3-29=":443"; ma=86400

{
    "page": 2,
    "per_page": 6,
    "total": 12,
    "total_pages": 2,
    "data": [
        {
            "id": 7,
            "email": "michael.lawson@reqres.in",
            "first_name": "Michael",
            "last_name": "Lawson",
            "avatar": "https://reqres.in/img/faces/7-image.jpg"
        },
        {
            "id": 8,
            "email": "lindsay.ferguson@reqres.in",
            "first_name": "Lindsay",
            "last_name": "Ferguson",
            "avatar": "https://reqres.in/img/faces/8-image.jpg"
        },
        {
            "id": 9,
            "email": "tobias.funke@reqres.in",
            "first_name": "Tobias",
            "last_name": "Funke",
            "avatar": "https://reqres.in/img/faces/9-image.jpg"
        },
        {
            "id": 10,
            "email": "byron.fields@reqres.in",
            "first_name": "Byron",
            "last_name": "Fields",
            "avatar": "https://reqres.in/img/faces/10-image.jpg"
        },
        {
            "id": 11,
            "email": "george.edwards@reqres.in",
            "first_name": "George",
            "last_name": "Edwards",
            "avatar": "https://reqres.in/img/faces/11-image.jpg"
        },
        {
            "id": 12,
            "email": "rachel.howell@reqres.in",
            "first_name": "Rachel",
            "last_name": "Howell",
            "avatar": "https://reqres.in/img/faces/12-image.jpg"
        }
    ],
    "support": {
        "url": "https://reqres.in/#support-heading",
        "text": "To keep ReqRes free, contributions towards server costs are appreciated!"
    }
}
HTTP/1.1 200 OK
Date: Mon, 19 Apr 2021 21:50:14 GMT
Content-Type: application/json; charset=utf-8
Transfer-Encoding: chunked
Connection: keep-alive
Set-Cookie: __cfduid=df6e1ae68a46dcde4737000c3fa1e8eb71618869014; expires=Wed, 19-May-21 21:50:14 GMT; path=/; domain=.reqres.in; HttpOnly; SameSite=Lax; Secure
X-Powered-By: Express
Access-Control-Allow-Origin: *
Etag: W/"406-ut0vzoCuidvyMf8arZpMpJ6ZRDw"
Via: 1.1 vegur
Cache-Control: max-age=14400
CF-Cache-Status: HIT
Age: 6378
cf-request-id: 098db5e60b00003ed7afb80000000001
Expect-CT: max-age=604800, report-uri="https://report-uri.cloudflare.com/cdn-cgi/beacon/expect-ct"
Report-To: {"group":"cf-nel","endpoints":[{"url":"https:\/\/a.nel.cloudflare.com\/report?s=aw0BwDkGWxd8lbaLXdoOmW5LLARCaG2yRIi7uQ9DcTIpQmxQmQlBSYl0ZtNvxsrSA3BPKc%2FFLcNKpPuxNGQVOLAgE1A3xm8ZZvk%3D"}],"max_age":604800}
NEL: {"max_age":604800,"report_to":"cf-nel"}
Vary: Accept-Encoding
Server: cloudflare
CF-RAY: 642958e9ae553ed7-BOG
Content-Encoding: gzip
alt-svc: h3-27=":443"; ma=86400, h3-28=":443"; ma=86400, h3-29=":443"; ma=86400

{
    "page": 2,
    "per_page": 6,
    "total": 12,
    "total_pages": 2,
    "data": [
        {
            "id": 7,
            "email": "michael.lawson@reqres.in",
            "first_name": "Michael",
            "last_name": "Lawson",
            "avatar": "https://reqres.in/img/faces/7-image.jpg"
        },
        {
            "id": 8,
            "email": "lindsay.ferguson@reqres.in",
            "first_name": "Lindsay",
            "last_name": "Ferguson",
            "avatar": "https://reqres.in/img/faces/8-image.jpg"
        },
        {
            "id": 9,
            "email": "tobias.funke@reqres.in",
            "first_name": "Tobias",
            "last_name": "Funke",
            "avatar": "https://reqres.in/img/faces/9-image.jpg"
        },
        {
            "id": 10,
            "email": "byron.fields@reqres.in",
            "first_name": "Byron",
            "last_name": "Fields",
            "avatar": "https://reqres.in/img/faces/10-image.jpg"
        },
        {
            "id": 11,
            "email": "george.edwards@reqres.in",
            "first_name": "George",
            "last_name": "Edwards",
            "avatar": "https://reqres.in/img/faces/11-image.jpg"
        },
        {
            "id": 12,
            "email": "rachel.howell@reqres.in",
            "first_name": "Rachel",
            "last_name": "Howell",
            "avatar": "https://reqres.in/img/faces/12-image.jpg"
        }
    ],
    "support": {
        "url": "https://reqres.in/#support-heading",
        "text": "To keep ReqRes free, contributions towards server costs are appreciated!"
    }
}
HTTP/1.1 200 OK
Date: Mon, 19 Apr 2021 21:50:14 GMT
Content-Type: application/json; charset=utf-8
Transfer-Encoding: chunked
Connection: keep-alive
Set-Cookie: __cfduid=df6e1ae68a46dcde4737000c3fa1e8eb71618869014; expires=Wed, 19-May-21 21:50:14 GMT; path=/; domain=.reqres.in; HttpOnly; SameSite=Lax; Secure
X-Powered-By: Express
Access-Control-Allow-Origin: *
Etag: W/"406-ut0vzoCuidvyMf8arZpMpJ6ZRDw"
Via: 1.1 vegur
Cache-Control: max-age=14400
CF-Cache-Status: HIT
Age: 6378
cf-request-id: 098db5e60b00003ed7afb80000000001
Expect-CT: max-age=604800, report-uri="https://report-uri.cloudflare.com/cdn-cgi/beacon/expect-ct"
Report-To: {"group":"cf-nel","endpoints":[{"url":"https:\/\/a.nel.cloudflare.com\/report?s=aw0BwDkGWxd8lbaLXdoOmW5LLARCaG2yRIi7uQ9DcTIpQmxQmQlBSYl0ZtNvxsrSA3BPKc%2FFLcNKpPuxNGQVOLAgE1A3xm8ZZvk%3D"}],"max_age":604800}
NEL: {"max_age":604800,"report_to":"cf-nel"}
Vary: Accept-Encoding
Server: cloudflare
CF-RAY: 642958e9ae553ed7-BOG
Content-Encoding: gzip
alt-svc: h3-27=":443"; ma=86400, h3-28=":443"; ma=86400, h3-29=":443"; ma=86400

{
    "page": 2,
    "per_page": 6,
    "total": 12,
    "total_pages": 2,
    "data": [
        {
            "id": 7,
            "email": "michael.lawson@reqres.in",
            "first_name": "Michael",
            "last_name": "Lawson",
            "avatar": "https://reqres.in/img/faces/7-image.jpg"
        },
        {
            "id": 8,
            "email": "lindsay.ferguson@reqres.in",
            "first_name": "Lindsay",
            "last_name": "Ferguson",
            "avatar": "https://reqres.in/img/faces/8-image.jpg"
        },
        {
            "id": 9,
            "email": "tobias.funke@reqres.in",
            "first_name": "Tobias",
            "last_name": "Funke",
            "avatar": "https://reqres.in/img/faces/9-image.jpg"
        },
        {
            "id": 10,
            "email": "byron.fields@reqres.in",
            "first_name": "Byron",
            "last_name": "Fields",
            "avatar": "https://reqres.in/img/faces/10-image.jpg"
        },
        {
            "id": 11,
            "email": "george.edwards@reqres.in",
            "first_name": "George",
            "last_name": "Edwards",
            "avatar": "https://reqres.in/img/faces/11-image.jpg"
        },
        {
            "id": 12,
            "email": "rachel.howell@reqres.in",
            "first_name": "Rachel",
            "last_name": "Howell",
            "avatar": "https://reqres.in/img/faces/12-image.jpg"
        }
    ],
    "support": {
        "url": "https://reqres.in/#support-heading",
        "text": "To keep ReqRes free, contributions towards server costs are appreciated!"
    }
}
HTTP/1.1 200 OK
Date: Mon, 19 Apr 2021 21:50:14 GMT
Content-Type: application/json; charset=utf-8
Transfer-Encoding: chunked
Connection: keep-alive
Set-Cookie: __cfduid=df6e1ae68a46dcde4737000c3fa1e8eb71618869014; expires=Wed, 19-May-21 21:50:14 GMT; path=/; domain=.reqres.in; HttpOnly; SameSite=Lax; Secure
X-Powered-By: Express
Access-Control-Allow-Origin: *
Etag: W/"406-ut0vzoCuidvyMf8arZpMpJ6ZRDw"
Via: 1.1 vegur
Cache-Control: max-age=14400
CF-Cache-Status: HIT
Age: 6378
cf-request-id: 098db5e60b00003ed7afb80000000001
Expect-CT: max-age=604800, report-uri="https://report-uri.cloudflare.com/cdn-cgi/beacon/expect-ct"
Report-To: {"group":"cf-nel","endpoints":[{"url":"https:\/\/a.nel.cloudflare.com\/report?s=aw0BwDkGWxd8lbaLXdoOmW5LLARCaG2yRIi7uQ9DcTIpQmxQmQlBSYl0ZtNvxsrSA3BPKc%2FFLcNKpPuxNGQVOLAgE1A3xm8ZZvk%3D"}],"max_age":604800}
NEL: {"max_age":604800,"report_to":"cf-nel"}
Vary: Accept-Encoding
Server: cloudflare
CF-RAY: 642958e9ae553ed7-BOG
Content-Encoding: gzip
alt-svc: h3-27=":443"; ma=86400, h3-28=":443"; ma=86400, h3-29=":443"; ma=86400

{
    "page": 2,
    "per_page": 6,
    "total": 12,
    "total_pages": 2,
    "data": [
        {
            "id": 7,
            "email": "michael.lawson@reqres.in",
            "first_name": "Michael",
            "last_name": "Lawson",
            "avatar": "https://reqres.in/img/faces/7-image.jpg"
        },
        {
            "id": 8,
            "email": "lindsay.ferguson@reqres.in",
            "first_name": "Lindsay",
            "last_name": "Ferguson",
            "avatar": "https://reqres.in/img/faces/8-image.jpg"
        },
        {
            "id": 9,
            "email": "tobias.funke@reqres.in",
            "first_name": "Tobias",
            "last_name": "Funke",
            "avatar": "https://reqres.in/img/faces/9-image.jpg"
        },
        {
            "id": 10,
            "email": "byron.fields@reqres.in",
            "first_name": "Byron",
            "last_name": "Fields",
            "avatar": "https://reqres.in/img/faces/10-image.jpg"
        },
        {
            "id": 11,
            "email": "george.edwards@reqres.in",
            "first_name": "George",
            "last_name": "Edwards",
            "avatar": "https://reqres.in/img/faces/11-image.jpg"
        },
        {
            "id": 12,
            "email": "rachel.howell@reqres.in",
            "first_name": "Rachel",
            "last_name": "Howell",
            "avatar": "https://reqres.in/img/faces/12-image.jpg"
        }
    ],
    "support": {
        "url": "https://reqres.in/#support-heading",
        "text": "To keep ReqRes free, contributions towards server costs are appreciated!"
    }
}
HTTP/1.1 200 OK
Date: Mon, 19 Apr 2021 21:50:14 GMT
Content-Type: application/json; charset=utf-8
Transfer-Encoding: chunked
Connection: keep-alive
Set-Cookie: __cfduid=df6e1ae68a46dcde4737000c3fa1e8eb71618869014; expires=Wed, 19-May-21 21:50:14 GMT; path=/; domain=.reqres.in; HttpOnly; SameSite=Lax; Secure
X-Powered-By: Express
Access-Control-Allow-Origin: *
Etag: W/"406-ut0vzoCuidvyMf8arZpMpJ6ZRDw"
Via: 1.1 vegur
Cache-Control: max-age=14400
CF-Cache-Status: HIT
Age: 6378
cf-request-id: 098db5e60b00003ed7afb80000000001
Expect-CT: max-age=604800, report-uri="https://report-uri.cloudflare.com/cdn-cgi/beacon/expect-ct"
Report-To: {"group":"cf-nel","endpoints":[{"url":"https:\/\/a.nel.cloudflare.com\/report?s=aw0BwDkGWxd8lbaLXdoOmW5LLARCaG2yRIi7uQ9DcTIpQmxQmQlBSYl0ZtNvxsrSA3BPKc%2FFLcNKpPuxNGQVOLAgE1A3xm8ZZvk%3D"}],"max_age":604800}
NEL: {"max_age":604800,"report_to":"cf-nel"}
Vary: Accept-Encoding
Server: cloudflare
CF-RAY: 642958e9ae553ed7-BOG
Content-Encoding: gzip
alt-svc: h3-27=":443"; ma=86400, h3-28=":443"; ma=86400, h3-29=":443"; ma=86400

{
    "page": 2,
    "per_page": 6,
    "total": 12,
    "total_pages": 2,
    "data": [
        {
            "id": 7,
            "email": "michael.lawson@reqres.in",
            "first_name": "Michael",
            "last_name": "Lawson",
            "avatar": "https://reqres.in/img/faces/7-image.jpg"
        },
        {
            "id": 8,
            "email": "lindsay.ferguson@reqres.in",
            "first_name": "Lindsay",
            "last_name": "Ferguson",
            "avatar": "https://reqres.in/img/faces/8-image.jpg"
        },
        {
            "id": 9,
            "email": "tobias.funke@reqres.in",
            "first_name": "Tobias",
            "last_name": "Funke",
            "avatar": "https://reqres.in/img/faces/9-image.jpg"
        },
        {
            "id": 10,
            "email": "byron.fields@reqres.in",
            "first_name": "Byron",
            "last_name": "Fields",
            "avatar": "https://reqres.in/img/faces/10-image.jpg"
        },
        {
            "id": 11,
            "email": "george.edwards@reqres.in",
            "first_name": "George",
            "last_name": "Edwards",
            "avatar": "https://reqres.in/img/faces/11-image.jpg"
        },
        {
            "id": 12,
            "email": "rachel.howell@reqres.in",
            "first_name": "Rachel",
            "last_name": "Howell",
            "avatar": "https://reqres.in/img/faces/12-image.jpg"
        }
    ],
    "support": {
        "url": "https://reqres.in/#support-heading",
        "text": "To keep ReqRes free, contributions towards server costs are appreciated!"
    }
}
Page: 2
Total_Pages: 2
Id First User7
email: george.edwards@reqres.in
Id: 12
Request method:	PUT
Request URI:	https://reqres.in/api/users/2
Proxy:			<none>
Request params:	<none>
Query params:	<none>
Form params:	<none>
Path params:	<none>
Headers:		Accept=*/*
				Content-Type=application/json; charset=UTF-8
Cookies:		<none>
Multiparts:		<none>
Body:
{
    "name": "Carlos",
    "job": "Automatizador"
}
Request method:	PUT
Request URI:	https://reqres.in/api/users/2
Proxy:			<none>
Request params:	<none>
Query params:	<none>
Form params:	<none>
Path params:	<none>
Headers:		Accept=*/*
				Content-Type=application/json; charset=UTF-8
Cookies:		<none>
Multiparts:		<none>
Body:
{
    "name": "Carlos",
    "job": "Automatizador"
}
Request method:	PUT
Request URI:	https://reqres.in/api/users/2
Proxy:			<none>
Request params:	<none>
Query params:	<none>
Form params:	<none>
Path params:	<none>
Headers:		Accept=*/*
				Content-Type=application/json; charset=UTF-8
Cookies:		<none>
Multiparts:		<none>
Body:
{
    "name": "Carlos",
    "job": "Automatizador"
}
Request method:	PUT
Request URI:	https://reqres.in/api/users/2
Proxy:			<none>
Request params:	<none>
Query params:	<none>
Form params:	<none>
Path params:	<none>
Headers:		Accept=*/*
				Content-Type=application/json; charset=UTF-8
Cookies:		<none>
Multiparts:		<none>
Body:
{
    "name": "Carlos",
    "job": "Automatizador"
}
Request method:	PUT
Request URI:	https://reqres.in/api/users/2
Proxy:			<none>
Request params:	<none>
Query params:	<none>
Form params:	<none>
Path params:	<none>
Headers:		Accept=*/*
				Content-Type=application/json; charset=UTF-8
Cookies:		<none>
Multiparts:		<none>
Body:
{
    "name": "Carlos",
    "job": "Automatizador"
}
Request method:	PUT
Request URI:	https://reqres.in/api/users/2
Proxy:			<none>
Request params:	<none>
Query params:	<none>
Form params:	<none>
Path params:	<none>
Headers:		Accept=*/*
				Content-Type=application/json; charset=UTF-8
Cookies:		<none>
Multiparts:		<none>
Body:
{
    "name": "Carlos",
    "job": "Automatizador"
}
HTTP/1.1 200 OK
Date: Mon, 19 Apr 2021 21:50:14 GMT
Content-Type: application/json; charset=utf-8
Transfer-Encoding: chunked
Connection: keep-alive
Set-Cookie: __cfduid=dfde15f43922431627cfb4db55f3d3fa31618869014; expires=Wed, 19-May-21 21:50:14 GMT; path=/; domain=.reqres.in; HttpOnly; SameSite=Lax; Secure
X-Powered-By: Express
Access-Control-Allow-Origin: *
Etag: W/"4e-lz63hZXvtbWRnd87BzcYwKogBpU"
Via: 1.1 vegur
CF-Cache-Status: DYNAMIC
cf-request-id: 098db5e77f00003eeb30892000000001
Expect-CT: max-age=604800, report-uri="https://report-uri.cloudflare.com/cdn-cgi/beacon/expect-ct"
Report-To: {"group":"cf-nel","endpoints":[{"url":"https:\/\/a.nel.cloudflare.com\/report?s=5Y7Zk%2BN0tKUGcGTgIuFGE9yKHkEy3m76eFj7TuXQX9ipr06AsSGWw1K0jInyLdAL56aLQyQTfz4M%2BcDSRp7v%2F8LzOGJAwj0pBj0%3D"}],"max_age":604800}
NEL: {"max_age":604800,"report_to":"cf-nel"}
Vary: Accept-Encoding
Server: cloudflare
CF-RAY: 642958ebfcd93eeb-BOG
Content-Encoding: gzip
alt-svc: h3-27=":443"; ma=86400, h3-28=":443"; ma=86400, h3-29=":443"; ma=86400

{
    "name": "Carlos",
    "job": "Automatizador",
    "updatedAt": "2021-04-19T21:50:14.492Z"
}
HTTP/1.1 200 OK
Date: Mon, 19 Apr 2021 21:50:14 GMT
Content-Type: application/json; charset=utf-8
Transfer-Encoding: chunked
Connection: keep-alive
Set-Cookie: __cfduid=dfde15f43922431627cfb4db55f3d3fa31618869014; expires=Wed, 19-May-21 21:50:14 GMT; path=/; domain=.reqres.in; HttpOnly; SameSite=Lax; Secure
X-Powered-By: Express
Access-Control-Allow-Origin: *
Etag: W/"4e-lz63hZXvtbWRnd87BzcYwKogBpU"
Via: 1.1 vegur
CF-Cache-Status: DYNAMIC
cf-request-id: 098db5e77f00003eeb30892000000001
Expect-CT: max-age=604800, report-uri="https://report-uri.cloudflare.com/cdn-cgi/beacon/expect-ct"
Report-To: {"group":"cf-nel","endpoints":[{"url":"https:\/\/a.nel.cloudflare.com\/report?s=5Y7Zk%2BN0tKUGcGTgIuFGE9yKHkEy3m76eFj7TuXQX9ipr06AsSGWw1K0jInyLdAL56aLQyQTfz4M%2BcDSRp7v%2F8LzOGJAwj0pBj0%3D"}],"max_age":604800}
NEL: {"max_age":604800,"report_to":"cf-nel"}
Vary: Accept-Encoding
Server: cloudflare
CF-RAY: 642958ebfcd93eeb-BOG
Content-Encoding: gzip
alt-svc: h3-27=":443"; ma=86400, h3-28=":443"; ma=86400, h3-29=":443"; ma=86400

{
    "name": "Carlos",
    "job": "Automatizador",
    "updatedAt": "2021-04-19T21:50:14.492Z"
}
HTTP/1.1 200 OK
Date: Mon, 19 Apr 2021 21:50:14 GMT
Content-Type: application/json; charset=utf-8
Transfer-Encoding: chunked
Connection: keep-alive
Set-Cookie: __cfduid=dfde15f43922431627cfb4db55f3d3fa31618869014; expires=Wed, 19-May-21 21:50:14 GMT; path=/; domain=.reqres.in; HttpOnly; SameSite=Lax; Secure
X-Powered-By: Express
Access-Control-Allow-Origin: *
Etag: W/"4e-lz63hZXvtbWRnd87BzcYwKogBpU"
Via: 1.1 vegur
CF-Cache-Status: DYNAMIC
cf-request-id: 098db5e77f00003eeb30892000000001
Expect-CT: max-age=604800, report-uri="https://report-uri.cloudflare.com/cdn-cgi/beacon/expect-ct"
Report-To: {"group":"cf-nel","endpoints":[{"url":"https:\/\/a.nel.cloudflare.com\/report?s=5Y7Zk%2BN0tKUGcGTgIuFGE9yKHkEy3m76eFj7TuXQX9ipr06AsSGWw1K0jInyLdAL56aLQyQTfz4M%2BcDSRp7v%2F8LzOGJAwj0pBj0%3D"}],"max_age":604800}
NEL: {"max_age":604800,"report_to":"cf-nel"}
Vary: Accept-Encoding
Server: cloudflare
CF-RAY: 642958ebfcd93eeb-BOG
Content-Encoding: gzip
alt-svc: h3-27=":443"; ma=86400, h3-28=":443"; ma=86400, h3-29=":443"; ma=86400

{
    "name": "Carlos",
    "job": "Automatizador",
    "updatedAt": "2021-04-19T21:50:14.492Z"
}
HTTP/1.1 200 OK
Date: Mon, 19 Apr 2021 21:50:14 GMT
Content-Type: application/json; charset=utf-8
Transfer-Encoding: chunked
Connection: keep-alive
Set-Cookie: __cfduid=dfde15f43922431627cfb4db55f3d3fa31618869014; expires=Wed, 19-May-21 21:50:14 GMT; path=/; domain=.reqres.in; HttpOnly; SameSite=Lax; Secure
X-Powered-By: Express
Access-Control-Allow-Origin: *
Etag: W/"4e-lz63hZXvtbWRnd87BzcYwKogBpU"
Via: 1.1 vegur
CF-Cache-Status: DYNAMIC
cf-request-id: 098db5e77f00003eeb30892000000001
Expect-CT: max-age=604800, report-uri="https://report-uri.cloudflare.com/cdn-cgi/beacon/expect-ct"
Report-To: {"group":"cf-nel","endpoints":[{"url":"https:\/\/a.nel.cloudflare.com\/report?s=5Y7Zk%2BN0tKUGcGTgIuFGE9yKHkEy3m76eFj7TuXQX9ipr06AsSGWw1K0jInyLdAL56aLQyQTfz4M%2BcDSRp7v%2F8LzOGJAwj0pBj0%3D"}],"max_age":604800}
NEL: {"max_age":604800,"report_to":"cf-nel"}
Vary: Accept-Encoding
Server: cloudflare
CF-RAY: 642958ebfcd93eeb-BOG
Content-Encoding: gzip
alt-svc: h3-27=":443"; ma=86400, h3-28=":443"; ma=86400, h3-29=":443"; ma=86400

{
    "name": "Carlos",
    "job": "Automatizador",
    "updatedAt": "2021-04-19T21:50:14.492Z"
}
HTTP/1.1 200 OK
Date: Mon, 19 Apr 2021 21:50:14 GMT
Content-Type: application/json; charset=utf-8
Transfer-Encoding: chunked
Connection: keep-alive
Set-Cookie: __cfduid=dfde15f43922431627cfb4db55f3d3fa31618869014; expires=Wed, 19-May-21 21:50:14 GMT; path=/; domain=.reqres.in; HttpOnly; SameSite=Lax; Secure
X-Powered-By: Express
Access-Control-Allow-Origin: *
Etag: W/"4e-lz63hZXvtbWRnd87BzcYwKogBpU"
Via: 1.1 vegur
CF-Cache-Status: DYNAMIC
cf-request-id: 098db5e77f00003eeb30892000000001
Expect-CT: max-age=604800, report-uri="https://report-uri.cloudflare.com/cdn-cgi/beacon/expect-ct"
Report-To: {"group":"cf-nel","endpoints":[{"url":"https:\/\/a.nel.cloudflare.com\/report?s=5Y7Zk%2BN0tKUGcGTgIuFGE9yKHkEy3m76eFj7TuXQX9ipr06AsSGWw1K0jInyLdAL56aLQyQTfz4M%2BcDSRp7v%2F8LzOGJAwj0pBj0%3D"}],"max_age":604800}
NEL: {"max_age":604800,"report_to":"cf-nel"}
Vary: Accept-Encoding
Server: cloudflare
CF-RAY: 642958ebfcd93eeb-BOG
Content-Encoding: gzip
alt-svc: h3-27=":443"; ma=86400, h3-28=":443"; ma=86400, h3-29=":443"; ma=86400

{
    "name": "Carlos",
    "job": "Automatizador",
    "updatedAt": "2021-04-19T21:50:14.492Z"
}
HTTP/1.1 200 OK
Date: Mon, 19 Apr 2021 21:50:14 GMT
Content-Type: application/json; charset=utf-8
Transfer-Encoding: chunked
Connection: keep-alive
Set-Cookie: __cfduid=dfde15f43922431627cfb4db55f3d3fa31618869014; expires=Wed, 19-May-21 21:50:14 GMT; path=/; domain=.reqres.in; HttpOnly; SameSite=Lax; Secure
X-Powered-By: Express
Access-Control-Allow-Origin: *
Etag: W/"4e-lz63hZXvtbWRnd87BzcYwKogBpU"
Via: 1.1 vegur
CF-Cache-Status: DYNAMIC
cf-request-id: 098db5e77f00003eeb30892000000001
Expect-CT: max-age=604800, report-uri="https://report-uri.cloudflare.com/cdn-cgi/beacon/expect-ct"
Report-To: {"group":"cf-nel","endpoints":[{"url":"https:\/\/a.nel.cloudflare.com\/report?s=5Y7Zk%2BN0tKUGcGTgIuFGE9yKHkEy3m76eFj7TuXQX9ipr06AsSGWw1K0jInyLdAL56aLQyQTfz4M%2BcDSRp7v%2F8LzOGJAwj0pBj0%3D"}],"max_age":604800}
NEL: {"max_age":604800,"report_to":"cf-nel"}
Vary: Accept-Encoding
Server: cloudflare
CF-RAY: 642958ebfcd93eeb-BOG
Content-Encoding: gzip
alt-svc: h3-27=":443"; ma=86400, h3-28=":443"; ma=86400, h3-29=":443"; ma=86400

{
    "name": "Carlos",
    "job": "Automatizador",
    "updatedAt": "2021-04-19T21:50:14.492Z"
}
Request method:	POST
Request URI:	https://reqres.in/api/users
Proxy:			<none>
Request params:	<none>
Query params:	<none>
Form params:	<none>
Path params:	<none>
Headers:		Accept=*/*
				Content-Type=application/json; charset=UTF-8
Cookies:		<none>
Multiparts:		<none>
Body:
{
    "name": "Carlos",
    "job": "Automatizador"
}
Request method:	POST
Request URI:	https://reqres.in/api/users
Proxy:			<none>
Request params:	<none>
Query params:	<none>
Form params:	<none>
Path params:	<none>
Headers:		Accept=*/*
				Content-Type=application/json; charset=UTF-8
Cookies:		<none>
Multiparts:		<none>
Body:
{
    "name": "Carlos",
    "job": "Automatizador"
}
Request method:	POST
Request URI:	https://reqres.in/api/users
Proxy:			<none>
Request params:	<none>
Query params:	<none>
Form params:	<none>
Path params:	<none>
Headers:		Accept=*/*
				Content-Type=application/json; charset=UTF-8
Cookies:		<none>
Multiparts:		<none>
Body:
{
    "name": "Carlos",
    "job": "Automatizador"
}
Request method:	POST
Request URI:	https://reqres.in/api/users
Proxy:			<none>
Request params:	<none>
Query params:	<none>
Form params:	<none>
Path params:	<none>
Headers:		Accept=*/*
				Content-Type=application/json; charset=UTF-8
Cookies:		<none>
Multiparts:		<none>
Body:
{
    "name": "Carlos",
    "job": "Automatizador"
}
Request method:	POST
Request URI:	https://reqres.in/api/users
Proxy:			<none>
Request params:	<none>
Query params:	<none>
Form params:	<none>
Path params:	<none>
Headers:		Accept=*/*
				Content-Type=application/json; charset=UTF-8
Cookies:		<none>
Multiparts:		<none>
Body:
{
    "name": "Carlos",
    "job": "Automatizador"
}
Request method:	POST
Request URI:	https://reqres.in/api/users
Proxy:			<none>
Request params:	<none>
Query params:	<none>
Form params:	<none>
Path params:	<none>
Headers:		Accept=*/*
				Content-Type=application/json; charset=UTF-8
Cookies:		<none>
Multiparts:		<none>
Body:
{
    "name": "Carlos",
    "job": "Automatizador"
}
Request method:	POST
Request URI:	https://reqres.in/api/users
Proxy:			<none>
Request params:	<none>
Query params:	<none>
Form params:	<none>
Path params:	<none>
Headers:		Accept=*/*
				Content-Type=application/json; charset=UTF-8
Cookies:		<none>
Multiparts:		<none>
Body:
{
    "name": "Carlos",
    "job": "Automatizador"
}
HTTP/1.1 201 Created
Date: Mon, 19 Apr 2021 21:50:15 GMT
Content-Type: application/json; charset=utf-8
Content-Length: 89
Connection: keep-alive
Set-Cookie: __cfduid=d200bb9a0bc93739ab551ddb86bedbf521618869014; expires=Wed, 19-May-21 21:50:14 GMT; path=/; domain=.reqres.in; HttpOnly; SameSite=Lax; Secure
X-Powered-By: Express
Access-Control-Allow-Origin: *
Etag: W/"59-tDcBSssdNeLYrrV/xAOWUdH8jxU"
Via: 1.1 vegur
CF-Cache-Status: DYNAMIC
cf-request-id: 098db5e8e900003eb891292000000001
Expect-CT: max-age=604800, report-uri="https://report-uri.cloudflare.com/cdn-cgi/beacon/expect-ct"
Report-To: {"max_age":604800,"endpoints":[{"url":"https:\/\/a.nel.cloudflare.com\/report?s=ig2fXqiGKZsCI%2Bfj%2FBlGQAmO9fMEi8iY3BJyzZzBBVvrVV%2B2Ut5Y6shkYWEGBBRqeyzQ2FX80EzIFYK7lOCekdf7dZHv%2BNDDYsw%3D"}],"group":"cf-nel"}
NEL: {"report_to":"cf-nel","max_age":604800}
Server: cloudflare
CF-RAY: 642958ee4e403eb8-BOG
alt-svc: h3-27=":443"; ma=86400, h3-28=":443"; ma=86400, h3-29=":443"; ma=86400

{
    "name": "Carlos",
    "job": "Automatizador",
    "id": "218",
    "createdAt": "2021-04-19T21:50:15.008Z"
}
HTTP/1.1 201 Created
Date: Mon, 19 Apr 2021 21:50:15 GMT
Content-Type: application/json; charset=utf-8
Content-Length: 89
Connection: keep-alive
Set-Cookie: __cfduid=d200bb9a0bc93739ab551ddb86bedbf521618869014; expires=Wed, 19-May-21 21:50:14 GMT; path=/; domain=.reqres.in; HttpOnly; SameSite=Lax; Secure
X-Powered-By: Express
Access-Control-Allow-Origin: *
Etag: W/"59-tDcBSssdNeLYrrV/xAOWUdH8jxU"
Via: 1.1 vegur
CF-Cache-Status: DYNAMIC
cf-request-id: 098db5e8e900003eb891292000000001
Expect-CT: max-age=604800, report-uri="https://report-uri.cloudflare.com/cdn-cgi/beacon/expect-ct"
Report-To: {"max_age":604800,"endpoints":[{"url":"https:\/\/a.nel.cloudflare.com\/report?s=ig2fXqiGKZsCI%2Bfj%2FBlGQAmO9fMEi8iY3BJyzZzBBVvrVV%2B2Ut5Y6shkYWEGBBRqeyzQ2FX80EzIFYK7lOCekdf7dZHv%2BNDDYsw%3D"}],"group":"cf-nel"}
NEL: {"report_to":"cf-nel","max_age":604800}
Server: cloudflare
CF-RAY: 642958ee4e403eb8-BOG
alt-svc: h3-27=":443"; ma=86400, h3-28=":443"; ma=86400, h3-29=":443"; ma=86400

{
    "name": "Carlos",
    "job": "Automatizador",
    "id": "218",
    "createdAt": "2021-04-19T21:50:15.008Z"
}
HTTP/1.1 201 Created
Date: Mon, 19 Apr 2021 21:50:15 GMT
Content-Type: application/json; charset=utf-8
Content-Length: 89
Connection: keep-alive
Set-Cookie: __cfduid=d200bb9a0bc93739ab551ddb86bedbf521618869014; expires=Wed, 19-May-21 21:50:14 GMT; path=/; domain=.reqres.in; HttpOnly; SameSite=Lax; Secure
X-Powered-By: Express
Access-Control-Allow-Origin: *
Etag: W/"59-tDcBSssdNeLYrrV/xAOWUdH8jxU"
Via: 1.1 vegur
CF-Cache-Status: DYNAMIC
cf-request-id: 098db5e8e900003eb891292000000001
Expect-CT: max-age=604800, report-uri="https://report-uri.cloudflare.com/cdn-cgi/beacon/expect-ct"
Report-To: {"max_age":604800,"endpoints":[{"url":"https:\/\/a.nel.cloudflare.com\/report?s=ig2fXqiGKZsCI%2Bfj%2FBlGQAmO9fMEi8iY3BJyzZzBBVvrVV%2B2Ut5Y6shkYWEGBBRqeyzQ2FX80EzIFYK7lOCekdf7dZHv%2BNDDYsw%3D"}],"group":"cf-nel"}
NEL: {"report_to":"cf-nel","max_age":604800}
Server: cloudflare
CF-RAY: 642958ee4e403eb8-BOG
alt-svc: h3-27=":443"; ma=86400, h3-28=":443"; ma=86400, h3-29=":443"; ma=86400

{
    "name": "Carlos",
    "job": "Automatizador",
    "id": "218",
    "createdAt": "2021-04-19T21:50:15.008Z"
}
HTTP/1.1 201 Created
Date: Mon, 19 Apr 2021 21:50:15 GMT
Content-Type: application/json; charset=utf-8
Content-Length: 89
Connection: keep-alive
Set-Cookie: __cfduid=d200bb9a0bc93739ab551ddb86bedbf521618869014; expires=Wed, 19-May-21 21:50:14 GMT; path=/; domain=.reqres.in; HttpOnly; SameSite=Lax; Secure
X-Powered-By: Express
Access-Control-Allow-Origin: *
Etag: W/"59-tDcBSssdNeLYrrV/xAOWUdH8jxU"
Via: 1.1 vegur
CF-Cache-Status: DYNAMIC
cf-request-id: 098db5e8e900003eb891292000000001
Expect-CT: max-age=604800, report-uri="https://report-uri.cloudflare.com/cdn-cgi/beacon/expect-ct"
Report-To: {"max_age":604800,"endpoints":[{"url":"https:\/\/a.nel.cloudflare.com\/report?s=ig2fXqiGKZsCI%2Bfj%2FBlGQAmO9fMEi8iY3BJyzZzBBVvrVV%2B2Ut5Y6shkYWEGBBRqeyzQ2FX80EzIFYK7lOCekdf7dZHv%2BNDDYsw%3D"}],"group":"cf-nel"}
NEL: {"report_to":"cf-nel","max_age":604800}
Server: cloudflare
CF-RAY: 642958ee4e403eb8-BOG
alt-svc: h3-27=":443"; ma=86400, h3-28=":443"; ma=86400, h3-29=":443"; ma=86400

{
    "name": "Carlos",
    "job": "Automatizador",
    "id": "218",
    "createdAt": "2021-04-19T21:50:15.008Z"
}
HTTP/1.1 201 Created
Date: Mon, 19 Apr 2021 21:50:15 GMT
Content-Type: application/json; charset=utf-8
Content-Length: 89
Connection: keep-alive
Set-Cookie: __cfduid=d200bb9a0bc93739ab551ddb86bedbf521618869014; expires=Wed, 19-May-21 21:50:14 GMT; path=/; domain=.reqres.in; HttpOnly; SameSite=Lax; Secure
X-Powered-By: Express
Access-Control-Allow-Origin: *
Etag: W/"59-tDcBSssdNeLYrrV/xAOWUdH8jxU"
Via: 1.1 vegur
CF-Cache-Status: DYNAMIC
cf-request-id: 098db5e8e900003eb891292000000001
Expect-CT: max-age=604800, report-uri="https://report-uri.cloudflare.com/cdn-cgi/beacon/expect-ct"
Report-To: {"max_age":604800,"endpoints":[{"url":"https:\/\/a.nel.cloudflare.com\/report?s=ig2fXqiGKZsCI%2Bfj%2FBlGQAmO9fMEi8iY3BJyzZzBBVvrVV%2B2Ut5Y6shkYWEGBBRqeyzQ2FX80EzIFYK7lOCekdf7dZHv%2BNDDYsw%3D"}],"group":"cf-nel"}
NEL: {"report_to":"cf-nel","max_age":604800}
Server: cloudflare
CF-RAY: 642958ee4e403eb8-BOG
alt-svc: h3-27=":443"; ma=86400, h3-28=":443"; ma=86400, h3-29=":443"; ma=86400

{
    "name": "Carlos",
    "job": "Automatizador",
    "id": "218",
    "createdAt": "2021-04-19T21:50:15.008Z"
}
HTTP/1.1 201 Created
Date: Mon, 19 Apr 2021 21:50:15 GMT
Content-Type: application/json; charset=utf-8
Content-Length: 89
Connection: keep-alive
Set-Cookie: __cfduid=d200bb9a0bc93739ab551ddb86bedbf521618869014; expires=Wed, 19-May-21 21:50:14 GMT; path=/; domain=.reqres.in; HttpOnly; SameSite=Lax; Secure
X-Powered-By: Express
Access-Control-Allow-Origin: *
Etag: W/"59-tDcBSssdNeLYrrV/xAOWUdH8jxU"
Via: 1.1 vegur
CF-Cache-Status: DYNAMIC
cf-request-id: 098db5e8e900003eb891292000000001
Expect-CT: max-age=604800, report-uri="https://report-uri.cloudflare.com/cdn-cgi/beacon/expect-ct"
Report-To: {"max_age":604800,"endpoints":[{"url":"https:\/\/a.nel.cloudflare.com\/report?s=ig2fXqiGKZsCI%2Bfj%2FBlGQAmO9fMEi8iY3BJyzZzBBVvrVV%2B2Ut5Y6shkYWEGBBRqeyzQ2FX80EzIFYK7lOCekdf7dZHv%2BNDDYsw%3D"}],"group":"cf-nel"}
NEL: {"report_to":"cf-nel","max_age":604800}
Server: cloudflare
CF-RAY: 642958ee4e403eb8-BOG
alt-svc: h3-27=":443"; ma=86400, h3-28=":443"; ma=86400, h3-29=":443"; ma=86400

{
    "name": "Carlos",
    "job": "Automatizador",
    "id": "218",
    "createdAt": "2021-04-19T21:50:15.008Z"
}
HTTP/1.1 201 Created
Date: Mon, 19 Apr 2021 21:50:15 GMT
Content-Type: application/json; charset=utf-8
Content-Length: 89
Connection: keep-alive
Set-Cookie: __cfduid=d200bb9a0bc93739ab551ddb86bedbf521618869014; expires=Wed, 19-May-21 21:50:14 GMT; path=/; domain=.reqres.in; HttpOnly; SameSite=Lax; Secure
X-Powered-By: Express
Access-Control-Allow-Origin: *
Etag: W/"59-tDcBSssdNeLYrrV/xAOWUdH8jxU"
Via: 1.1 vegur
CF-Cache-Status: DYNAMIC
cf-request-id: 098db5e8e900003eb891292000000001
Expect-CT: max-age=604800, report-uri="https://report-uri.cloudflare.com/cdn-cgi/beacon/expect-ct"
Report-To: {"max_age":604800,"endpoints":[{"url":"https:\/\/a.nel.cloudflare.com\/report?s=ig2fXqiGKZsCI%2Bfj%2FBlGQAmO9fMEi8iY3BJyzZzBBVvrVV%2B2Ut5Y6shkYWEGBBRqeyzQ2FX80EzIFYK7lOCekdf7dZHv%2BNDDYsw%3D"}],"group":"cf-nel"}
NEL: {"report_to":"cf-nel","max_age":604800}
Server: cloudflare
CF-RAY: 642958ee4e403eb8-BOG
alt-svc: h3-27=":443"; ma=86400, h3-28=":443"; ma=86400, h3-29=":443"; ma=86400

{
    "name": "Carlos",
    "job": "Automatizador",
    "id": "218",
    "createdAt": "2021-04-19T21:50:15.008Z"
}
Request method:	POST
Request URI:	https://reqres.in/api/users
Proxy:			<none>
Request params:	<none>
Query params:	<none>
Form params:	<none>
Path params:	<none>
Headers:		Accept=*/*
				Content-Type=application/json; charset=UTF-8
Cookies:		<none>
Multiparts:		<none>
Body:
{
    "name": "Carlos",
    "job": "Automatizador"
}
Request method:	POST
Request URI:	https://reqres.in/api/users
Proxy:			<none>
Request params:	<none>
Query params:	<none>
Form params:	<none>
Path params:	<none>
Headers:		Accept=*/*
				Content-Type=application/json; charset=UTF-8
Cookies:		<none>
Multiparts:		<none>
Body:
{
    "name": "Carlos",
    "job": "Automatizador"
}
Request method:	POST
Request URI:	https://reqres.in/api/users
Proxy:			<none>
Request params:	<none>
Query params:	<none>
Form params:	<none>
Path params:	<none>
Headers:		Accept=*/*
				Content-Type=application/json; charset=UTF-8
Cookies:		<none>
Multiparts:		<none>
Body:
{
    "name": "Carlos",
    "job": "Automatizador"
}
Request method:	POST
Request URI:	https://reqres.in/api/users
Proxy:			<none>
Request params:	<none>
Query params:	<none>
Form params:	<none>
Path params:	<none>
Headers:		Accept=*/*
				Content-Type=application/json; charset=UTF-8
Cookies:		<none>
Multiparts:		<none>
Body:
{
    "name": "Carlos",
    "job": "Automatizador"
}
Request method:	POST
Request URI:	https://reqres.in/api/users
Proxy:			<none>
Request params:	<none>
Query params:	<none>
Form params:	<none>
Path params:	<none>
Headers:		Accept=*/*
				Content-Type=application/json; charset=UTF-8
Cookies:		<none>
Multiparts:		<none>
Body:
{
    "name": "Carlos",
    "job": "Automatizador"
}
Request method:	POST
Request URI:	https://reqres.in/api/users
Proxy:			<none>
Request params:	<none>
Query params:	<none>
Form params:	<none>
Path params:	<none>
Headers:		Accept=*/*
				Content-Type=application/json; charset=UTF-8
Cookies:		<none>
Multiparts:		<none>
Body:
{
    "name": "Carlos",
    "job": "Automatizador"
}
Request method:	POST
Request URI:	https://reqres.in/api/users
Proxy:			<none>
Request params:	<none>
Query params:	<none>
Form params:	<none>
Path params:	<none>
Headers:		Accept=*/*
				Content-Type=application/json; charset=UTF-8
Cookies:		<none>
Multiparts:		<none>
Body:
{
    "name": "Carlos",
    "job": "Automatizador"
}
Request method:	POST
Request URI:	https://reqres.in/api/users
Proxy:			<none>
Request params:	<none>
Query params:	<none>
Form params:	<none>
Path params:	<none>
Headers:		Accept=*/*
				Content-Type=application/json; charset=UTF-8
Cookies:		<none>
Multiparts:		<none>
Body:
{
    "name": "Carlos",
    "job": "Automatizador"
}
HTTP/1.1 201 Created
Date: Mon, 19 Apr 2021 21:50:15 GMT
Content-Type: application/json; charset=utf-8
Content-Length: 89
Connection: keep-alive
Set-Cookie: __cfduid=d60d52bf1c1aa7b8aeafa560379c04ffa1618869015; expires=Wed, 19-May-21 21:50:15 GMT; path=/; domain=.reqres.in; HttpOnly; SameSite=Lax; Secure
X-Powered-By: Express
Access-Control-Allow-Origin: *
Etag: W/"59-6YFYOI/epCoTHl2RjBAGfiaHc+c"
Via: 1.1 vegur
CF-Cache-Status: DYNAMIC
cf-request-id: 098db5eb450000b55850bd7000000001
Expect-CT: max-age=604800, report-uri="https://report-uri.cloudflare.com/cdn-cgi/beacon/expect-ct"
Report-To: {"group":"cf-nel","endpoints":[{"url":"https:\/\/a.nel.cloudflare.com\/report?s=TkvFylqczSdv3ZxgISoUOx30sDtrNW0G2WLmtW5z1l%2BsEvMHR6CkbpWa78L8T2HqEJppunXw2HiLch3w2HG97%2Bn2gh3BGaksQB0%3D"}],"max_age":604800}
NEL: {"report_to":"cf-nel","max_age":604800}
Server: cloudflare
CF-RAY: 642958f208b4b558-BOG
alt-svc: h3-27=":443"; ma=86400, h3-28=":443"; ma=86400, h3-29=":443"; ma=86400

{
    "name": "Carlos",
    "job": "Automatizador",
    "id": "660",
    "createdAt": "2021-04-19T21:50:15.618Z"
}
HTTP/1.1 201 Created
Date: Mon, 19 Apr 2021 21:50:15 GMT
Content-Type: application/json; charset=utf-8
Content-Length: 89
Connection: keep-alive
Set-Cookie: __cfduid=d60d52bf1c1aa7b8aeafa560379c04ffa1618869015; expires=Wed, 19-May-21 21:50:15 GMT; path=/; domain=.reqres.in; HttpOnly; SameSite=Lax; Secure
X-Powered-By: Express
Access-Control-Allow-Origin: *
Etag: W/"59-6YFYOI/epCoTHl2RjBAGfiaHc+c"
Via: 1.1 vegur
CF-Cache-Status: DYNAMIC
cf-request-id: 098db5eb450000b55850bd7000000001
Expect-CT: max-age=604800, report-uri="https://report-uri.cloudflare.com/cdn-cgi/beacon/expect-ct"
Report-To: {"group":"cf-nel","endpoints":[{"url":"https:\/\/a.nel.cloudflare.com\/report?s=TkvFylqczSdv3ZxgISoUOx30sDtrNW0G2WLmtW5z1l%2BsEvMHR6CkbpWa78L8T2HqEJppunXw2HiLch3w2HG97%2Bn2gh3BGaksQB0%3D"}],"max_age":604800}
NEL: {"report_to":"cf-nel","max_age":604800}
Server: cloudflare
CF-RAY: 642958f208b4b558-BOG
alt-svc: h3-27=":443"; ma=86400, h3-28=":443"; ma=86400, h3-29=":443"; ma=86400

{
    "name": "Carlos",
    "job": "Automatizador",
    "id": "660",
    "createdAt": "2021-04-19T21:50:15.618Z"
}
HTTP/1.1 201 Created
Date: Mon, 19 Apr 2021 21:50:15 GMT
Content-Type: application/json; charset=utf-8
Content-Length: 89
Connection: keep-alive
Set-Cookie: __cfduid=d60d52bf1c1aa7b8aeafa560379c04ffa1618869015; expires=Wed, 19-May-21 21:50:15 GMT; path=/; domain=.reqres.in; HttpOnly; SameSite=Lax; Secure
X-Powered-By: Express
Access-Control-Allow-Origin: *
Etag: W/"59-6YFYOI/epCoTHl2RjBAGfiaHc+c"
Via: 1.1 vegur
CF-Cache-Status: DYNAMIC
cf-request-id: 098db5eb450000b55850bd7000000001
Expect-CT: max-age=604800, report-uri="https://report-uri.cloudflare.com/cdn-cgi/beacon/expect-ct"
Report-To: {"group":"cf-nel","endpoints":[{"url":"https:\/\/a.nel.cloudflare.com\/report?s=TkvFylqczSdv3ZxgISoUOx30sDtrNW0G2WLmtW5z1l%2BsEvMHR6CkbpWa78L8T2HqEJppunXw2HiLch3w2HG97%2Bn2gh3BGaksQB0%3D"}],"max_age":604800}
NEL: {"report_to":"cf-nel","max_age":604800}
Server: cloudflare
CF-RAY: 642958f208b4b558-BOG
alt-svc: h3-27=":443"; ma=86400, h3-28=":443"; ma=86400, h3-29=":443"; ma=86400

{
    "name": "Carlos",
    "job": "Automatizador",
    "id": "660",
    "createdAt": "2021-04-19T21:50:15.618Z"
}
HTTP/1.1 201 Created
Date: Mon, 19 Apr 2021 21:50:15 GMT
Content-Type: application/json; charset=utf-8
Content-Length: 89
Connection: keep-alive
Set-Cookie: __cfduid=d60d52bf1c1aa7b8aeafa560379c04ffa1618869015; expires=Wed, 19-May-21 21:50:15 GMT; path=/; domain=.reqres.in; HttpOnly; SameSite=Lax; Secure
X-Powered-By: Express
Access-Control-Allow-Origin: *
Etag: W/"59-6YFYOI/epCoTHl2RjBAGfiaHc+c"
Via: 1.1 vegur
CF-Cache-Status: DYNAMIC
cf-request-id: 098db5eb450000b55850bd7000000001
Expect-CT: max-age=604800, report-uri="https://report-uri.cloudflare.com/cdn-cgi/beacon/expect-ct"
Report-To: {"group":"cf-nel","endpoints":[{"url":"https:\/\/a.nel.cloudflare.com\/report?s=TkvFylqczSdv3ZxgISoUOx30sDtrNW0G2WLmtW5z1l%2BsEvMHR6CkbpWa78L8T2HqEJppunXw2HiLch3w2HG97%2Bn2gh3BGaksQB0%3D"}],"max_age":604800}
NEL: {"report_to":"cf-nel","max_age":604800}
Server: cloudflare
CF-RAY: 642958f208b4b558-BOG
alt-svc: h3-27=":443"; ma=86400, h3-28=":443"; ma=86400, h3-29=":443"; ma=86400

{
    "name": "Carlos",
    "job": "Automatizador",
    "id": "660",
    "createdAt": "2021-04-19T21:50:15.618Z"
}
HTTP/1.1 201 Created
Date: Mon, 19 Apr 2021 21:50:15 GMT
Content-Type: application/json; charset=utf-8
Content-Length: 89
Connection: keep-alive
Set-Cookie: __cfduid=d60d52bf1c1aa7b8aeafa560379c04ffa1618869015; expires=Wed, 19-May-21 21:50:15 GMT; path=/; domain=.reqres.in; HttpOnly; SameSite=Lax; Secure
X-Powered-By: Express
Access-Control-Allow-Origin: *
Etag: W/"59-6YFYOI/epCoTHl2RjBAGfiaHc+c"
Via: 1.1 vegur
CF-Cache-Status: DYNAMIC
cf-request-id: 098db5eb450000b55850bd7000000001
Expect-CT: max-age=604800, report-uri="https://report-uri.cloudflare.com/cdn-cgi/beacon/expect-ct"
Report-To: {"group":"cf-nel","endpoints":[{"url":"https:\/\/a.nel.cloudflare.com\/report?s=TkvFylqczSdv3ZxgISoUOx30sDtrNW0G2WLmtW5z1l%2BsEvMHR6CkbpWa78L8T2HqEJppunXw2HiLch3w2HG97%2Bn2gh3BGaksQB0%3D"}],"max_age":604800}
NEL: {"report_to":"cf-nel","max_age":604800}
Server: cloudflare
CF-RAY: 642958f208b4b558-BOG
alt-svc: h3-27=":443"; ma=86400, h3-28=":443"; ma=86400, h3-29=":443"; ma=86400

{
    "name": "Carlos",
    "job": "Automatizador",
    "id": "660",
    "createdAt": "2021-04-19T21:50:15.618Z"
}
HTTP/1.1 201 Created
Date: Mon, 19 Apr 2021 21:50:15 GMT
Content-Type: application/json; charset=utf-8
Content-Length: 89
Connection: keep-alive
Set-Cookie: __cfduid=d60d52bf1c1aa7b8aeafa560379c04ffa1618869015; expires=Wed, 19-May-21 21:50:15 GMT; path=/; domain=.reqres.in; HttpOnly; SameSite=Lax; Secure
X-Powered-By: Express
Access-Control-Allow-Origin: *
Etag: W/"59-6YFYOI/epCoTHl2RjBAGfiaHc+c"
Via: 1.1 vegur
CF-Cache-Status: DYNAMIC
cf-request-id: 098db5eb450000b55850bd7000000001
Expect-CT: max-age=604800, report-uri="https://report-uri.cloudflare.com/cdn-cgi/beacon/expect-ct"
Report-To: {"group":"cf-nel","endpoints":[{"url":"https:\/\/a.nel.cloudflare.com\/report?s=TkvFylqczSdv3ZxgISoUOx30sDtrNW0G2WLmtW5z1l%2BsEvMHR6CkbpWa78L8T2HqEJppunXw2HiLch3w2HG97%2Bn2gh3BGaksQB0%3D"}],"max_age":604800}
NEL: {"report_to":"cf-nel","max_age":604800}
Server: cloudflare
CF-RAY: 642958f208b4b558-BOG
alt-svc: h3-27=":443"; ma=86400, h3-28=":443"; ma=86400, h3-29=":443"; ma=86400

{
    "name": "Carlos",
    "job": "Automatizador",
    "id": "660",
    "createdAt": "2021-04-19T21:50:15.618Z"
}
HTTP/1.1 201 Created
Date: Mon, 19 Apr 2021 21:50:15 GMT
Content-Type: application/json; charset=utf-8
Content-Length: 89
Connection: keep-alive
Set-Cookie: __cfduid=d60d52bf1c1aa7b8aeafa560379c04ffa1618869015; expires=Wed, 19-May-21 21:50:15 GMT; path=/; domain=.reqres.in; HttpOnly; SameSite=Lax; Secure
X-Powered-By: Express
Access-Control-Allow-Origin: *
Etag: W/"59-6YFYOI/epCoTHl2RjBAGfiaHc+c"
Via: 1.1 vegur
CF-Cache-Status: DYNAMIC
cf-request-id: 098db5eb450000b55850bd7000000001
Expect-CT: max-age=604800, report-uri="https://report-uri.cloudflare.com/cdn-cgi/beacon/expect-ct"
Report-To: {"group":"cf-nel","endpoints":[{"url":"https:\/\/a.nel.cloudflare.com\/report?s=TkvFylqczSdv3ZxgISoUOx30sDtrNW0G2WLmtW5z1l%2BsEvMHR6CkbpWa78L8T2HqEJppunXw2HiLch3w2HG97%2Bn2gh3BGaksQB0%3D"}],"max_age":604800}
NEL: {"report_to":"cf-nel","max_age":604800}
Server: cloudflare
CF-RAY: 642958f208b4b558-BOG
alt-svc: h3-27=":443"; ma=86400, h3-28=":443"; ma=86400, h3-29=":443"; ma=86400

{
    "name": "Carlos",
    "job": "Automatizador",
    "id": "660",
    "createdAt": "2021-04-19T21:50:15.618Z"
}
HTTP/1.1 201 Created
Date: Mon, 19 Apr 2021 21:50:15 GMT
Content-Type: application/json; charset=utf-8
Content-Length: 89
Connection: keep-alive
Set-Cookie: __cfduid=d60d52bf1c1aa7b8aeafa560379c04ffa1618869015; expires=Wed, 19-May-21 21:50:15 GMT; path=/; domain=.reqres.in; HttpOnly; SameSite=Lax; Secure
X-Powered-By: Express
Access-Control-Allow-Origin: *
Etag: W/"59-6YFYOI/epCoTHl2RjBAGfiaHc+c"
Via: 1.1 vegur
CF-Cache-Status: DYNAMIC
cf-request-id: 098db5eb450000b55850bd7000000001
Expect-CT: max-age=604800, report-uri="https://report-uri.cloudflare.com/cdn-cgi/beacon/expect-ct"
Report-To: {"group":"cf-nel","endpoints":[{"url":"https:\/\/a.nel.cloudflare.com\/report?s=TkvFylqczSdv3ZxgISoUOx30sDtrNW0G2WLmtW5z1l%2BsEvMHR6CkbpWa78L8T2HqEJppunXw2HiLch3w2HG97%2Bn2gh3BGaksQB0%3D"}],"max_age":604800}
NEL: {"report_to":"cf-nel","max_age":604800}
Server: cloudflare
CF-RAY: 642958f208b4b558-BOG
alt-svc: h3-27=":443"; ma=86400, h3-28=":443"; ma=86400, h3-29=":443"; ma=86400

{
    "name": "Carlos",
    "job": "Automatizador",
    "id": "660",
    "createdAt": "2021-04-19T21:50:15.618Z"
}
660
Carlos
2021-04-19T21:50:15.618Z
Request method:	PATCH
Request URI:	https://reqres.in/api/users/2
Proxy:			<none>
Request params:	<none>
Query params:	<none>
Form params:	<none>
Path params:	<none>
Headers:		Accept=*/*
				Content-Type=application/json; charset=UTF-8
Cookies:		<none>
Multiparts:		<none>
Body:
{
    "name": "Carlos",
    "job": "Automatizador"
}
Request method:	PATCH
Request URI:	https://reqres.in/api/users/2
Proxy:			<none>
Request params:	<none>
Query params:	<none>
Form params:	<none>
Path params:	<none>
Headers:		Accept=*/*
				Content-Type=application/json; charset=UTF-8
Cookies:		<none>
Multiparts:		<none>
Body:
{
    "name": "Carlos",
    "job": "Automatizador"
}
Request method:	PATCH
Request URI:	https://reqres.in/api/users/2
Proxy:			<none>
Request params:	<none>
Query params:	<none>
Form params:	<none>
Path params:	<none>
Headers:		Accept=*/*
				Content-Type=application/json; charset=UTF-8
Cookies:		<none>
Multiparts:		<none>
Body:
{
    "name": "Carlos",
    "job": "Automatizador"
}
Request method:	PATCH
Request URI:	https://reqres.in/api/users/2
Proxy:			<none>
Request params:	<none>
Query params:	<none>
Form params:	<none>
Path params:	<none>
Headers:		Accept=*/*
				Content-Type=application/json; charset=UTF-8
Cookies:		<none>
Multiparts:		<none>
Body:
{
    "name": "Carlos",
    "job": "Automatizador"
}
Request method:	PATCH
Request URI:	https://reqres.in/api/users/2
Proxy:			<none>
Request params:	<none>
Query params:	<none>
Form params:	<none>
Path params:	<none>
Headers:		Accept=*/*
				Content-Type=application/json; charset=UTF-8
Cookies:		<none>
Multiparts:		<none>
Body:
{
    "name": "Carlos",
    "job": "Automatizador"
}
Request method:	PATCH
Request URI:	https://reqres.in/api/users/2
Proxy:			<none>
Request params:	<none>
Query params:	<none>
Form params:	<none>
Path params:	<none>
Headers:		Accept=*/*
				Content-Type=application/json; charset=UTF-8
Cookies:		<none>
Multiparts:		<none>
Body:
{
    "name": "Carlos",
    "job": "Automatizador"
}
Request method:	PATCH
Request URI:	https://reqres.in/api/users/2
Proxy:			<none>
Request params:	<none>
Query params:	<none>
Form params:	<none>
Path params:	<none>
Headers:		Accept=*/*
				Content-Type=application/json; charset=UTF-8
Cookies:		<none>
Multiparts:		<none>
Body:
{
    "name": "Carlos",
    "job": "Automatizador"
}
Request method:	PATCH
Request URI:	https://reqres.in/api/users/2
Proxy:			<none>
Request params:	<none>
Query params:	<none>
Form params:	<none>
Path params:	<none>
Headers:		Accept=*/*
				Content-Type=application/json; charset=UTF-8
Cookies:		<none>
Multiparts:		<none>
Body:
{
    "name": "Carlos",
    "job": "Automatizador"
}
Request method:	PATCH
Request URI:	https://reqres.in/api/users/2
Proxy:			<none>
Request params:	<none>
Query params:	<none>
Form params:	<none>
Path params:	<none>
Headers:		Accept=*/*
				Content-Type=application/json; charset=UTF-8
Cookies:		<none>
Multiparts:		<none>
Body:
{
    "name": "Carlos",
    "job": "Automatizador"
}
HTTP/1.1 200 OK
Date: Mon, 19 Apr 2021 21:50:16 GMT
Content-Type: application/json; charset=utf-8
Transfer-Encoding: chunked
Connection: keep-alive
Set-Cookie: __cfduid=d8707d8330bfa12c1a6b4b6b83935ac6e1618869015; expires=Wed, 19-May-21 21:50:15 GMT; path=/; domain=.reqres.in; HttpOnly; SameSite=Lax; Secure
X-Powered-By: Express
Access-Control-Allow-Origin: *
Etag: W/"4e-JYse2Yn5Vw1qALi2RDzfxnbODZA"
Via: 1.1 vegur
CF-Cache-Status: DYNAMIC
cf-request-id: 098db5ed4a00003edc9408f000000001
Expect-CT: max-age=604800, report-uri="https://report-uri.cloudflare.com/cdn-cgi/beacon/expect-ct"
Report-To: {"group":"cf-nel","endpoints":[{"url":"https:\/\/a.nel.cloudflare.com\/report?s=B7%2B5G4ACfUAmspeFrmCx1pzktuaR7wno%2FtKrqlhw1pMF%2BfwrJdOsjupocrVTn%2FvsX59LZIxHoMoMOSGAwFNxGpoGsLj2Pw5K1XU%3D"}],"max_age":604800}
NEL: {"max_age":604800,"report_to":"cf-nel"}
Server: cloudflare
CF-RAY: 642958f549603edc-BOG
Content-Encoding: gzip
alt-svc: h3-27=":443"; ma=86400, h3-28=":443"; ma=86400, h3-29=":443"; ma=86400

{
    "name": "Carlos",
    "job": "Automatizador",
    "updatedAt": "2021-04-19T21:50:16.134Z"
}
HTTP/1.1 200 OK
Date: Mon, 19 Apr 2021 21:50:16 GMT
Content-Type: application/json; charset=utf-8
Transfer-Encoding: chunked
Connection: keep-alive
Set-Cookie: __cfduid=d8707d8330bfa12c1a6b4b6b83935ac6e1618869015; expires=Wed, 19-May-21 21:50:15 GMT; path=/; domain=.reqres.in; HttpOnly; SameSite=Lax; Secure
X-Powered-By: Express
Access-Control-Allow-Origin: *
Etag: W/"4e-JYse2Yn5Vw1qALi2RDzfxnbODZA"
Via: 1.1 vegur
CF-Cache-Status: DYNAMIC
cf-request-id: 098db5ed4a00003edc9408f000000001
Expect-CT: max-age=604800, report-uri="https://report-uri.cloudflare.com/cdn-cgi/beacon/expect-ct"
Report-To: {"group":"cf-nel","endpoints":[{"url":"https:\/\/a.nel.cloudflare.com\/report?s=B7%2B5G4ACfUAmspeFrmCx1pzktuaR7wno%2FtKrqlhw1pMF%2BfwrJdOsjupocrVTn%2FvsX59LZIxHoMoMOSGAwFNxGpoGsLj2Pw5K1XU%3D"}],"max_age":604800}
NEL: {"max_age":604800,"report_to":"cf-nel"}
Server: cloudflare
CF-RAY: 642958f549603edc-BOG
Content-Encoding: gzip
alt-svc: h3-27=":443"; ma=86400, h3-28=":443"; ma=86400, h3-29=":443"; ma=86400

{
    "name": "Carlos",
    "job": "Automatizador",
    "updatedAt": "2021-04-19T21:50:16.134Z"
}
HTTP/1.1 200 OK
Date: Mon, 19 Apr 2021 21:50:16 GMT
Content-Type: application/json; charset=utf-8
Transfer-Encoding: chunked
Connection: keep-alive
Set-Cookie: __cfduid=d8707d8330bfa12c1a6b4b6b83935ac6e1618869015; expires=Wed, 19-May-21 21:50:15 GMT; path=/; domain=.reqres.in; HttpOnly; SameSite=Lax; Secure
X-Powered-By: Express
Access-Control-Allow-Origin: *
Etag: W/"4e-JYse2Yn5Vw1qALi2RDzfxnbODZA"
Via: 1.1 vegur
CF-Cache-Status: DYNAMIC
cf-request-id: 098db5ed4a00003edc9408f000000001
Expect-CT: max-age=604800, report-uri="https://report-uri.cloudflare.com/cdn-cgi/beacon/expect-ct"
Report-To: {"group":"cf-nel","endpoints":[{"url":"https:\/\/a.nel.cloudflare.com\/report?s=B7%2B5G4ACfUAmspeFrmCx1pzktuaR7wno%2FtKrqlhw1pMF%2BfwrJdOsjupocrVTn%2FvsX59LZIxHoMoMOSGAwFNxGpoGsLj2Pw5K1XU%3D"}],"max_age":604800}
NEL: {"max_age":604800,"report_to":"cf-nel"}
Server: cloudflare
CF-RAY: 642958f549603edc-BOG
Content-Encoding: gzip
alt-svc: h3-27=":443"; ma=86400, h3-28=":443"; ma=86400, h3-29=":443"; ma=86400

{
    "name": "Carlos",
    "job": "Automatizador",
    "updatedAt": "2021-04-19T21:50:16.134Z"
}
HTTP/1.1 200 OK
Date: Mon, 19 Apr 2021 21:50:16 GMT
Content-Type: application/json; charset=utf-8
Transfer-Encoding: chunked
Connection: keep-alive
Set-Cookie: __cfduid=d8707d8330bfa12c1a6b4b6b83935ac6e1618869015; expires=Wed, 19-May-21 21:50:15 GMT; path=/; domain=.reqres.in; HttpOnly; SameSite=Lax; Secure
X-Powered-By: Express
Access-Control-Allow-Origin: *
Etag: W/"4e-JYse2Yn5Vw1qALi2RDzfxnbODZA"
Via: 1.1 vegur
CF-Cache-Status: DYNAMIC
cf-request-id: 098db5ed4a00003edc9408f000000001
Expect-CT: max-age=604800, report-uri="https://report-uri.cloudflare.com/cdn-cgi/beacon/expect-ct"
Report-To: {"group":"cf-nel","endpoints":[{"url":"https:\/\/a.nel.cloudflare.com\/report?s=B7%2B5G4ACfUAmspeFrmCx1pzktuaR7wno%2FtKrqlhw1pMF%2BfwrJdOsjupocrVTn%2FvsX59LZIxHoMoMOSGAwFNxGpoGsLj2Pw5K1XU%3D"}],"max_age":604800}
NEL: {"max_age":604800,"report_to":"cf-nel"}
Server: cloudflare
CF-RAY: 642958f549603edc-BOG
Content-Encoding: gzip
alt-svc: h3-27=":443"; ma=86400, h3-28=":443"; ma=86400, h3-29=":443"; ma=86400

{
    "name": "Carlos",
    "job": "Automatizador",
    "updatedAt": "2021-04-19T21:50:16.134Z"
}
HTTP/1.1 200 OK
Date: Mon, 19 Apr 2021 21:50:16 GMT
Content-Type: application/json; charset=utf-8
Transfer-Encoding: chunked
Connection: keep-alive
Set-Cookie: __cfduid=d8707d8330bfa12c1a6b4b6b83935ac6e1618869015; expires=Wed, 19-May-21 21:50:15 GMT; path=/; domain=.reqres.in; HttpOnly; SameSite=Lax; Secure
X-Powered-By: Express
Access-Control-Allow-Origin: *
Etag: W/"4e-JYse2Yn5Vw1qALi2RDzfxnbODZA"
Via: 1.1 vegur
CF-Cache-Status: DYNAMIC
cf-request-id: 098db5ed4a00003edc9408f000000001
Expect-CT: max-age=604800, report-uri="https://report-uri.cloudflare.com/cdn-cgi/beacon/expect-ct"
Report-To: {"group":"cf-nel","endpoints":[{"url":"https:\/\/a.nel.cloudflare.com\/report?s=B7%2B5G4ACfUAmspeFrmCx1pzktuaR7wno%2FtKrqlhw1pMF%2BfwrJdOsjupocrVTn%2FvsX59LZIxHoMoMOSGAwFNxGpoGsLj2Pw5K1XU%3D"}],"max_age":604800}
NEL: {"max_age":604800,"report_to":"cf-nel"}
Server: cloudflare
CF-RAY: 642958f549603edc-BOG
Content-Encoding: gzip
alt-svc: h3-27=":443"; ma=86400, h3-28=":443"; ma=86400, h3-29=":443"; ma=86400

{
    "name": "Carlos",
    "job": "Automatizador",
    "updatedAt": "2021-04-19T21:50:16.134Z"
}
HTTP/1.1 200 OK
Date: Mon, 19 Apr 2021 21:50:16 GMT
Content-Type: application/json; charset=utf-8
Transfer-Encoding: chunked
Connection: keep-alive
Set-Cookie: __cfduid=d8707d8330bfa12c1a6b4b6b83935ac6e1618869015; expires=Wed, 19-May-21 21:50:15 GMT; path=/; domain=.reqres.in; HttpOnly; SameSite=Lax; Secure
X-Powered-By: Express
Access-Control-Allow-Origin: *
Etag: W/"4e-JYse2Yn5Vw1qALi2RDzfxnbODZA"
Via: 1.1 vegur
CF-Cache-Status: DYNAMIC
cf-request-id: 098db5ed4a00003edc9408f000000001
Expect-CT: max-age=604800, report-uri="https://report-uri.cloudflare.com/cdn-cgi/beacon/expect-ct"
Report-To: {"group":"cf-nel","endpoints":[{"url":"https:\/\/a.nel.cloudflare.com\/report?s=B7%2B5G4ACfUAmspeFrmCx1pzktuaR7wno%2FtKrqlhw1pMF%2BfwrJdOsjupocrVTn%2FvsX59LZIxHoMoMOSGAwFNxGpoGsLj2Pw5K1XU%3D"}],"max_age":604800}
NEL: {"max_age":604800,"report_to":"cf-nel"}
Server: cloudflare
CF-RAY: 642958f549603edc-BOG
Content-Encoding: gzip
alt-svc: h3-27=":443"; ma=86400, h3-28=":443"; ma=86400, h3-29=":443"; ma=86400

{
    "name": "Carlos",
    "job": "Automatizador",
    "updatedAt": "2021-04-19T21:50:16.134Z"
}
HTTP/1.1 200 OK
Date: Mon, 19 Apr 2021 21:50:16 GMT
Content-Type: application/json; charset=utf-8
Transfer-Encoding: chunked
Connection: keep-alive
Set-Cookie: __cfduid=d8707d8330bfa12c1a6b4b6b83935ac6e1618869015; expires=Wed, 19-May-21 21:50:15 GMT; path=/; domain=.reqres.in; HttpOnly; SameSite=Lax; Secure
X-Powered-By: Express
Access-Control-Allow-Origin: *
Etag: W/"4e-JYse2Yn5Vw1qALi2RDzfxnbODZA"
Via: 1.1 vegur
CF-Cache-Status: DYNAMIC
cf-request-id: 098db5ed4a00003edc9408f000000001
Expect-CT: max-age=604800, report-uri="https://report-uri.cloudflare.com/cdn-cgi/beacon/expect-ct"
Report-To: {"group":"cf-nel","endpoints":[{"url":"https:\/\/a.nel.cloudflare.com\/report?s=B7%2B5G4ACfUAmspeFrmCx1pzktuaR7wno%2FtKrqlhw1pMF%2BfwrJdOsjupocrVTn%2FvsX59LZIxHoMoMOSGAwFNxGpoGsLj2Pw5K1XU%3D"}],"max_age":604800}
NEL: {"max_age":604800,"report_to":"cf-nel"}
Server: cloudflare
CF-RAY: 642958f549603edc-BOG
Content-Encoding: gzip
alt-svc: h3-27=":443"; ma=86400, h3-28=":443"; ma=86400, h3-29=":443"; ma=86400

{
    "name": "Carlos",
    "job": "Automatizador",
    "updatedAt": "2021-04-19T21:50:16.134Z"
}
HTTP/1.1 200 OK
Date: Mon, 19 Apr 2021 21:50:16 GMT
Content-Type: application/json; charset=utf-8
Transfer-Encoding: chunked
Connection: keep-alive
Set-Cookie: __cfduid=d8707d8330bfa12c1a6b4b6b83935ac6e1618869015; expires=Wed, 19-May-21 21:50:15 GMT; path=/; domain=.reqres.in; HttpOnly; SameSite=Lax; Secure
X-Powered-By: Express
Access-Control-Allow-Origin: *
Etag: W/"4e-JYse2Yn5Vw1qALi2RDzfxnbODZA"
Via: 1.1 vegur
CF-Cache-Status: DYNAMIC
cf-request-id: 098db5ed4a00003edc9408f000000001
Expect-CT: max-age=604800, report-uri="https://report-uri.cloudflare.com/cdn-cgi/beacon/expect-ct"
Report-To: {"group":"cf-nel","endpoints":[{"url":"https:\/\/a.nel.cloudflare.com\/report?s=B7%2B5G4ACfUAmspeFrmCx1pzktuaR7wno%2FtKrqlhw1pMF%2BfwrJdOsjupocrVTn%2FvsX59LZIxHoMoMOSGAwFNxGpoGsLj2Pw5K1XU%3D"}],"max_age":604800}
NEL: {"max_age":604800,"report_to":"cf-nel"}
Server: cloudflare
CF-RAY: 642958f549603edc-BOG
Content-Encoding: gzip
alt-svc: h3-27=":443"; ma=86400, h3-28=":443"; ma=86400, h3-29=":443"; ma=86400

{
    "name": "Carlos",
    "job": "Automatizador",
    "updatedAt": "2021-04-19T21:50:16.134Z"
}
HTTP/1.1 200 OK
Date: Mon, 19 Apr 2021 21:50:16 GMT
Content-Type: application/json; charset=utf-8
Transfer-Encoding: chunked
Connection: keep-alive
Set-Cookie: __cfduid=d8707d8330bfa12c1a6b4b6b83935ac6e1618869015; expires=Wed, 19-May-21 21:50:15 GMT; path=/; domain=.reqres.in; HttpOnly; SameSite=Lax; Secure
X-Powered-By: Express
Access-Control-Allow-Origin: *
Etag: W/"4e-JYse2Yn5Vw1qALi2RDzfxnbODZA"
Via: 1.1 vegur
CF-Cache-Status: DYNAMIC
cf-request-id: 098db5ed4a00003edc9408f000000001
Expect-CT: max-age=604800, report-uri="https://report-uri.cloudflare.com/cdn-cgi/beacon/expect-ct"
Report-To: {"group":"cf-nel","endpoints":[{"url":"https:\/\/a.nel.cloudflare.com\/report?s=B7%2B5G4ACfUAmspeFrmCx1pzktuaR7wno%2FtKrqlhw1pMF%2BfwrJdOsjupocrVTn%2FvsX59LZIxHoMoMOSGAwFNxGpoGsLj2Pw5K1XU%3D"}],"max_age":604800}
NEL: {"max_age":604800,"report_to":"cf-nel"}
Server: cloudflare
CF-RAY: 642958f549603edc-BOG
Content-Encoding: gzip
alt-svc: h3-27=":443"; ma=86400, h3-28=":443"; ma=86400, h3-29=":443"; ma=86400

{
    "name": "Carlos",
    "job": "Automatizador",
    "updatedAt": "2021-04-19T21:50:16.134Z"
}
Request method:	DELETE
Request URI:	https://reqres.in/api/users/2
Proxy:			<none>
Request params:	<none>
Query params:	<none>
Form params:	<none>
Path params:	<none>
Headers:		Accept=*/*
				Content-Type=application/json; charset=UTF-8
Cookies:		<none>
Multiparts:		<none>
Body:			<none>
Request method:	DELETE
Request URI:	https://reqres.in/api/users/2
Proxy:			<none>
Request params:	<none>
Query params:	<none>
Form params:	<none>
Path params:	<none>
Headers:		Accept=*/*
				Content-Type=application/json; charset=UTF-8
Cookies:		<none>
Multiparts:		<none>
Body:			<none>
Request method:	DELETE
Request URI:	https://reqres.in/api/users/2
Proxy:			<none>
Request params:	<none>
Query params:	<none>
Form params:	<none>
Path params:	<none>
Headers:		Accept=*/*
				Content-Type=application/json; charset=UTF-8
Cookies:		<none>
Multiparts:		<none>
Body:			<none>
Request method:	DELETE
Request URI:	https://reqres.in/api/users/2
Proxy:			<none>
Request params:	<none>
Query params:	<none>
Form params:	<none>
Path params:	<none>
Headers:		Accept=*/*
				Content-Type=application/json; charset=UTF-8
Cookies:		<none>
Multiparts:		<none>
Body:			<none>
Request method:	DELETE
Request URI:	https://reqres.in/api/users/2
Proxy:			<none>
Request params:	<none>
Query params:	<none>
Form params:	<none>
Path params:	<none>
Headers:		Accept=*/*
				Content-Type=application/json; charset=UTF-8
Cookies:		<none>
Multiparts:		<none>
Body:			<none>
Request method:	DELETE
Request URI:	https://reqres.in/api/users/2
Proxy:			<none>
Request params:	<none>
Query params:	<none>
Form params:	<none>
Path params:	<none>
Headers:		Accept=*/*
				Content-Type=application/json; charset=UTF-8
Cookies:		<none>
Multiparts:		<none>
Body:			<none>
Request method:	DELETE
Request URI:	https://reqres.in/api/users/2
Proxy:			<none>
Request params:	<none>
Query params:	<none>
Form params:	<none>
Path params:	<none>
Headers:		Accept=*/*
				Content-Type=application/json; charset=UTF-8
Cookies:		<none>
Multiparts:		<none>
Body:			<none>
Request method:	DELETE
Request URI:	https://reqres.in/api/users/2
Proxy:			<none>
Request params:	<none>
Query params:	<none>
Form params:	<none>
Path params:	<none>
Headers:		Accept=*/*
				Content-Type=application/json; charset=UTF-8
Cookies:		<none>
Multiparts:		<none>
Body:			<none>
Request method:	DELETE
Request URI:	https://reqres.in/api/users/2
Proxy:			<none>
Request params:	<none>
Query params:	<none>
Form params:	<none>
Path params:	<none>
Headers:		Accept=*/*
				Content-Type=application/json; charset=UTF-8
Cookies:		<none>
Multiparts:		<none>
Body:			<none>
Request method:	DELETE
Request URI:	https://reqres.in/api/users/2
Proxy:			<none>
Request params:	<none>
Query params:	<none>
Form params:	<none>
Path params:	<none>
Headers:		Accept=*/*
				Content-Type=application/json; charset=UTF-8
Cookies:		<none>
Multiparts:		<none>
Body:			<none>
HTTP/1.1 204 No Content
Date: Mon, 19 Apr 2021 21:50:16 GMT
Content-Length: 0
Connection: keep-alive
Set-Cookie: __cfduid=d7fecba4fba62fbf275c9ec070de949fa1618869016; expires=Wed, 19-May-21 21:50:16 GMT; path=/; domain=.reqres.in; HttpOnly; SameSite=Lax; Secure
X-Powered-By: Express
Access-Control-Allow-Origin: *
Etag: W/"2-vyGp6PvFo4RvsFtPoIWeCReyIC8"
Via: 1.1 vegur
CF-Cache-Status: DYNAMIC
cf-request-id: 098db5f0080000f26fa232a000000001
Expect-CT: max-age=604800, report-uri="https://report-uri.cloudflare.com/cdn-cgi/beacon/expect-ct"
Report-To: {"endpoints":[{"url":"https:\/\/a.nel.cloudflare.com\/report?s=TK%2FS7IJ5KKKrXjGT6jWECB4v2Uwp7goXplALCfPOzoG2KR6seOtO8iK%2B069czQMI1tbC6adgGoj%2F%2BRmPgK6cnBR1Kqt3PDXOlBE%3D"}],"max_age":604800,"group":"cf-nel"}
NEL: {"max_age":604800,"report_to":"cf-nel"}
Server: cloudflare
CF-RAY: 642958f9afeef26f-BOG
alt-svc: h3-27=":443"; ma=86400, h3-28=":443"; ma=86400, h3-29=":443"; ma=86400
HTTP/1.1 204 No Content
Date: Mon, 19 Apr 2021 21:50:16 GMT
Content-Length: 0
Connection: keep-alive
Set-Cookie: __cfduid=d7fecba4fba62fbf275c9ec070de949fa1618869016; expires=Wed, 19-May-21 21:50:16 GMT; path=/; domain=.reqres.in; HttpOnly; SameSite=Lax; Secure
X-Powered-By: Express
Access-Control-Allow-Origin: *
Etag: W/"2-vyGp6PvFo4RvsFtPoIWeCReyIC8"
Via: 1.1 vegur
CF-Cache-Status: DYNAMIC
cf-request-id: 098db5f0080000f26fa232a000000001
Expect-CT: max-age=604800, report-uri="https://report-uri.cloudflare.com/cdn-cgi/beacon/expect-ct"
Report-To: {"endpoints":[{"url":"https:\/\/a.nel.cloudflare.com\/report?s=TK%2FS7IJ5KKKrXjGT6jWECB4v2Uwp7goXplALCfPOzoG2KR6seOtO8iK%2B069czQMI1tbC6adgGoj%2F%2BRmPgK6cnBR1Kqt3PDXOlBE%3D"}],"max_age":604800,"group":"cf-nel"}
NEL: {"max_age":604800,"report_to":"cf-nel"}
Server: cloudflare
CF-RAY: 642958f9afeef26f-BOG
alt-svc: h3-27=":443"; ma=86400, h3-28=":443"; ma=86400, h3-29=":443"; ma=86400
HTTP/1.1 204 No Content
Date: Mon, 19 Apr 2021 21:50:16 GMT
Content-Length: 0
Connection: keep-alive
Set-Cookie: __cfduid=d7fecba4fba62fbf275c9ec070de949fa1618869016; expires=Wed, 19-May-21 21:50:16 GMT; path=/; domain=.reqres.in; HttpOnly; SameSite=Lax; Secure
X-Powered-By: Express
Access-Control-Allow-Origin: *
Etag: W/"2-vyGp6PvFo4RvsFtPoIWeCReyIC8"
Via: 1.1 vegur
CF-Cache-Status: DYNAMIC
cf-request-id: 098db5f0080000f26fa232a000000001
Expect-CT: max-age=604800, report-uri="https://report-uri.cloudflare.com/cdn-cgi/beacon/expect-ct"
Report-To: {"endpoints":[{"url":"https:\/\/a.nel.cloudflare.com\/report?s=TK%2FS7IJ5KKKrXjGT6jWECB4v2Uwp7goXplALCfPOzoG2KR6seOtO8iK%2B069czQMI1tbC6adgGoj%2F%2BRmPgK6cnBR1Kqt3PDXOlBE%3D"}],"max_age":604800,"group":"cf-nel"}
NEL: {"max_age":604800,"report_to":"cf-nel"}
Server: cloudflare
CF-RAY: 642958f9afeef26f-BOG
alt-svc: h3-27=":443"; ma=86400, h3-28=":443"; ma=86400, h3-29=":443"; ma=86400
HTTP/1.1 204 No Content
Date: Mon, 19 Apr 2021 21:50:16 GMT
Content-Length: 0
Connection: keep-alive
Set-Cookie: __cfduid=d7fecba4fba62fbf275c9ec070de949fa1618869016; expires=Wed, 19-May-21 21:50:16 GMT; path=/; domain=.reqres.in; HttpOnly; SameSite=Lax; Secure
X-Powered-By: Express
Access-Control-Allow-Origin: *
Etag: W/"2-vyGp6PvFo4RvsFtPoIWeCReyIC8"
Via: 1.1 vegur
CF-Cache-Status: DYNAMIC
cf-request-id: 098db5f0080000f26fa232a000000001
Expect-CT: max-age=604800, report-uri="https://report-uri.cloudflare.com/cdn-cgi/beacon/expect-ct"
Report-To: {"endpoints":[{"url":"https:\/\/a.nel.cloudflare.com\/report?s=TK%2FS7IJ5KKKrXjGT6jWECB4v2Uwp7goXplALCfPOzoG2KR6seOtO8iK%2B069czQMI1tbC6adgGoj%2F%2BRmPgK6cnBR1Kqt3PDXOlBE%3D"}],"max_age":604800,"group":"cf-nel"}
NEL: {"max_age":604800,"report_to":"cf-nel"}
Server: cloudflare
CF-RAY: 642958f9afeef26f-BOG
alt-svc: h3-27=":443"; ma=86400, h3-28=":443"; ma=86400, h3-29=":443"; ma=86400
HTTP/1.1 204 No Content
Date: Mon, 19 Apr 2021 21:50:16 GMT
Content-Length: 0
Connection: keep-alive
Set-Cookie: __cfduid=d7fecba4fba62fbf275c9ec070de949fa1618869016; expires=Wed, 19-May-21 21:50:16 GMT; path=/; domain=.reqres.in; HttpOnly; SameSite=Lax; Secure
X-Powered-By: Express
Access-Control-Allow-Origin: *
Etag: W/"2-vyGp6PvFo4RvsFtPoIWeCReyIC8"
Via: 1.1 vegur
CF-Cache-Status: DYNAMIC
cf-request-id: 098db5f0080000f26fa232a000000001
Expect-CT: max-age=604800, report-uri="https://report-uri.cloudflare.com/cdn-cgi/beacon/expect-ct"
Report-To: {"endpoints":[{"url":"https:\/\/a.nel.cloudflare.com\/report?s=TK%2FS7IJ5KKKrXjGT6jWECB4v2Uwp7goXplALCfPOzoG2KR6seOtO8iK%2B069czQMI1tbC6adgGoj%2F%2BRmPgK6cnBR1Kqt3PDXOlBE%3D"}],"max_age":604800,"group":"cf-nel"}
NEL: {"max_age":604800,"report_to":"cf-nel"}
Server: cloudflare
CF-RAY: 642958f9afeef26f-BOG
alt-svc: h3-27=":443"; ma=86400, h3-28=":443"; ma=86400, h3-29=":443"; ma=86400
HTTP/1.1 204 No Content
Date: Mon, 19 Apr 2021 21:50:16 GMT
Content-Length: 0
Connection: keep-alive
Set-Cookie: __cfduid=d7fecba4fba62fbf275c9ec070de949fa1618869016; expires=Wed, 19-May-21 21:50:16 GMT; path=/; domain=.reqres.in; HttpOnly; SameSite=Lax; Secure
X-Powered-By: Express
Access-Control-Allow-Origin: *
Etag: W/"2-vyGp6PvFo4RvsFtPoIWeCReyIC8"
Via: 1.1 vegur
CF-Cache-Status: DYNAMIC
cf-request-id: 098db5f0080000f26fa232a000000001
Expect-CT: max-age=604800, report-uri="https://report-uri.cloudflare.com/cdn-cgi/beacon/expect-ct"
Report-To: {"endpoints":[{"url":"https:\/\/a.nel.cloudflare.com\/report?s=TK%2FS7IJ5KKKrXjGT6jWECB4v2Uwp7goXplALCfPOzoG2KR6seOtO8iK%2B069czQMI1tbC6adgGoj%2F%2BRmPgK6cnBR1Kqt3PDXOlBE%3D"}],"max_age":604800,"group":"cf-nel"}
NEL: {"max_age":604800,"report_to":"cf-nel"}
Server: cloudflare
CF-RAY: 642958f9afeef26f-BOG
alt-svc: h3-27=":443"; ma=86400, h3-28=":443"; ma=86400, h3-29=":443"; ma=86400
HTTP/1.1 204 No Content
Date: Mon, 19 Apr 2021 21:50:16 GMT
Content-Length: 0
Connection: keep-alive
Set-Cookie: __cfduid=d7fecba4fba62fbf275c9ec070de949fa1618869016; expires=Wed, 19-May-21 21:50:16 GMT; path=/; domain=.reqres.in; HttpOnly; SameSite=Lax; Secure
X-Powered-By: Express
Access-Control-Allow-Origin: *
Etag: W/"2-vyGp6PvFo4RvsFtPoIWeCReyIC8"
Via: 1.1 vegur
CF-Cache-Status: DYNAMIC
cf-request-id: 098db5f0080000f26fa232a000000001
Expect-CT: max-age=604800, report-uri="https://report-uri.cloudflare.com/cdn-cgi/beacon/expect-ct"
Report-To: {"endpoints":[{"url":"https:\/\/a.nel.cloudflare.com\/report?s=TK%2FS7IJ5KKKrXjGT6jWECB4v2Uwp7goXplALCfPOzoG2KR6seOtO8iK%2B069czQMI1tbC6adgGoj%2F%2BRmPgK6cnBR1Kqt3PDXOlBE%3D"}],"max_age":604800,"group":"cf-nel"}
NEL: {"max_age":604800,"report_to":"cf-nel"}
Server: cloudflare
CF-RAY: 642958f9afeef26f-BOG
alt-svc: h3-27=":443"; ma=86400, h3-28=":443"; ma=86400, h3-29=":443"; ma=86400
HTTP/1.1 204 No Content
Date: Mon, 19 Apr 2021 21:50:16 GMT
Content-Length: 0
Connection: keep-alive
Set-Cookie: __cfduid=d7fecba4fba62fbf275c9ec070de949fa1618869016; expires=Wed, 19-May-21 21:50:16 GMT; path=/; domain=.reqres.in; HttpOnly; SameSite=Lax; Secure
X-Powered-By: Express
Access-Control-Allow-Origin: *
Etag: W/"2-vyGp6PvFo4RvsFtPoIWeCReyIC8"
Via: 1.1 vegur
CF-Cache-Status: DYNAMIC
cf-request-id: 098db5f0080000f26fa232a000000001
Expect-CT: max-age=604800, report-uri="https://report-uri.cloudflare.com/cdn-cgi/beacon/expect-ct"
Report-To: {"endpoints":[{"url":"https:\/\/a.nel.cloudflare.com\/report?s=TK%2FS7IJ5KKKrXjGT6jWECB4v2Uwp7goXplALCfPOzoG2KR6seOtO8iK%2B069czQMI1tbC6adgGoj%2F%2BRmPgK6cnBR1Kqt3PDXOlBE%3D"}],"max_age":604800,"group":"cf-nel"}
NEL: {"max_age":604800,"report_to":"cf-nel"}
Server: cloudflare
CF-RAY: 642958f9afeef26f-BOG
alt-svc: h3-27=":443"; ma=86400, h3-28=":443"; ma=86400, h3-29=":443"; ma=86400
HTTP/1.1 204 No Content
Date: Mon, 19 Apr 2021 21:50:16 GMT
Content-Length: 0
Connection: keep-alive
Set-Cookie: __cfduid=d7fecba4fba62fbf275c9ec070de949fa1618869016; expires=Wed, 19-May-21 21:50:16 GMT; path=/; domain=.reqres.in; HttpOnly; SameSite=Lax; Secure
X-Powered-By: Express
Access-Control-Allow-Origin: *
Etag: W/"2-vyGp6PvFo4RvsFtPoIWeCReyIC8"
Via: 1.1 vegur
CF-Cache-Status: DYNAMIC
cf-request-id: 098db5f0080000f26fa232a000000001
Expect-CT: max-age=604800, report-uri="https://report-uri.cloudflare.com/cdn-cgi/beacon/expect-ct"
Report-To: {"endpoints":[{"url":"https:\/\/a.nel.cloudflare.com\/report?s=TK%2FS7IJ5KKKrXjGT6jWECB4v2Uwp7goXplALCfPOzoG2KR6seOtO8iK%2B069czQMI1tbC6adgGoj%2F%2BRmPgK6cnBR1Kqt3PDXOlBE%3D"}],"max_age":604800,"group":"cf-nel"}
NEL: {"max_age":604800,"report_to":"cf-nel"}
Server: cloudflare
CF-RAY: 642958f9afeef26f-BOG
alt-svc: h3-27=":443"; ma=86400, h3-28=":443"; ma=86400, h3-29=":443"; ma=86400
HTTP/1.1 204 No Content
Date: Mon, 19 Apr 2021 21:50:16 GMT
Content-Length: 0
Connection: keep-alive
Set-Cookie: __cfduid=d7fecba4fba62fbf275c9ec070de949fa1618869016; expires=Wed, 19-May-21 21:50:16 GMT; path=/; domain=.reqres.in; HttpOnly; SameSite=Lax; Secure
X-Powered-By: Express
Access-Control-Allow-Origin: *
Etag: W/"2-vyGp6PvFo4RvsFtPoIWeCReyIC8"
Via: 1.1 vegur
CF-Cache-Status: DYNAMIC
cf-request-id: 098db5f0080000f26fa232a000000001
Expect-CT: max-age=604800, report-uri="https://report-uri.cloudflare.com/cdn-cgi/beacon/expect-ct"
Report-To: {"endpoints":[{"url":"https:\/\/a.nel.cloudflare.com\/report?s=TK%2FS7IJ5KKKrXjGT6jWECB4v2Uwp7goXplALCfPOzoG2KR6seOtO8iK%2B069czQMI1tbC6adgGoj%2F%2BRmPgK6cnBR1Kqt3PDXOlBE%3D"}],"max_age":604800,"group":"cf-nel"}
NEL: {"max_age":604800,"report_to":"cf-nel"}
Server: cloudflare
CF-RAY: 642958f9afeef26f-BOG
alt-svc: h3-27=":443"; ma=86400, h3-28=":443"; ma=86400, h3-29=":443"; ma=86400
]]></system-out>
  <system-err><![CDATA[SLF4J: Failed to load class "org.slf4j.impl.StaticLoggerBinder".
SLF4J: Defaulting to no-operation (NOP) logger implementation
SLF4J: See http://www.slf4j.org/codes.html#StaticLoggerBinder for further details.
]]></system-err>
</testsuite>
